<?xml version="1.0" encoding="utf-8"?>
<CoverageSession>
  <Summary numSequencePoints="2777" visitedSequencePoints="1017" numBranchPoints="444" visitedBranchPoints="125" sequenceCoverage="36.62" branchCoverage="28.15" maxCyclomaticComplexity="696" minCyclomaticComplexity="696" visitedClasses="48" numClasses="67" visitedMethods="243" numMethods="322" />
  <Modules>
    <Module hash="830A2996-5AEF-4A68-82CF-85FFA4742F19">
      <ModulePath>OficinaMecanica.Api.dll</ModulePath>
      <ModuleTime>2026-05-01T07:56:58</ModuleTime>
      <ModuleName>OficinaMecanica.Api</ModuleName>
      <Files>
        <File uid="1" fullPath="/Users/jcabral/tech_challenge_rm372882/OficinaMecanica.Api/Program.cs" />
        <File uid="2" fullPath="/Users/jcabral/tech_challenge_rm372882/OficinaMecanica.Api/obj/Debug/net10.0/Microsoft.AspNetCore.OpenApi.SourceGenerators/Microsoft.AspNetCore.OpenApi.SourceGenerators.XmlCommentGenerator/OpenApiXmlCommentSupport.generated.cs" />
        <File uid="3" fullPath="/Users/jcabral/tech_challenge_rm372882/OficinaMecanica.Api/Migrations/20260423235318_InitialCreate.cs" />
        <File uid="4" fullPath="/Users/jcabral/tech_challenge_rm372882/OficinaMecanica.Api/Migrations/20260423235318_InitialCreate.Designer.cs" />
        <File uid="5" fullPath="/Users/jcabral/tech_challenge_rm372882/OficinaMecanica.Api/Migrations/20260424002920_AddUniqueIndexToClienteCpfCnpj.cs" />
        <File uid="6" fullPath="/Users/jcabral/tech_challenge_rm372882/OficinaMecanica.Api/Migrations/20260424002920_AddUniqueIndexToClienteCpfCnpj.Designer.cs" />
        <File uid="7" fullPath="/Users/jcabral/tech_challenge_rm372882/OficinaMecanica.Api/Migrations/20260424011923_AddVeiculosServicosPecasInsumos.cs" />
        <File uid="8" fullPath="/Users/jcabral/tech_challenge_rm372882/OficinaMecanica.Api/Migrations/20260424011923_AddVeiculosServicosPecasInsumos.Designer.cs" />
        <File uid="9" fullPath="/Users/jcabral/tech_challenge_rm372882/OficinaMecanica.Api/Migrations/20260430182831_AddOrdemServico.cs" />
        <File uid="10" fullPath="/Users/jcabral/tech_challenge_rm372882/OficinaMecanica.Api/Migrations/20260430182831_AddOrdemServico.Designer.cs" />
        <File uid="11" fullPath="/Users/jcabral/tech_challenge_rm372882/OficinaMecanica.Api/Migrations/AppDbContextModelSnapshot.cs" />
        <File uid="12" fullPath="/Users/jcabral/tech_challenge_rm372882/OficinaMecanica.Api/Infrastructure/Repositories/ClienteRepository.cs" />
        <File uid="13" fullPath="/Users/jcabral/tech_challenge_rm372882/OficinaMecanica.Api/Infrastructure/Repositories/OrdemServicoRepository.cs" />
        <File uid="14" fullPath="/Users/jcabral/tech_challenge_rm372882/OficinaMecanica.Api/Infrastructure/Repositories/PecaInsumoRepository.cs" />
        <File uid="15" fullPath="/Users/jcabral/tech_challenge_rm372882/OficinaMecanica.Api/Infrastructure/Repositories/ServicoRepository.cs" />
        <File uid="16" fullPath="/Users/jcabral/tech_challenge_rm372882/OficinaMecanica.Api/Infrastructure/Repositories/VeiculoRepository.cs" />
        <File uid="17" fullPath="/Users/jcabral/tech_challenge_rm372882/OficinaMecanica.Api/Infrastructure/Persistence/AppDbContext.cs" />
        <File uid="18" fullPath="/Users/jcabral/tech_challenge_rm372882/OficinaMecanica.Api/Infrastructure/Persistence/AppDbContextFactory.cs" />
        <File uid="19" fullPath="/Users/jcabral/tech_challenge_rm372882/OficinaMecanica.Api/Domain/Entities/Cliente.cs" />
        <File uid="20" fullPath="/Users/jcabral/tech_challenge_rm372882/OficinaMecanica.Api/Domain/Entities/OrdemServico.cs" />
        <File uid="21" fullPath="/Users/jcabral/tech_challenge_rm372882/OficinaMecanica.Api/Domain/Entities/OrdemServicoItemPecaInsumo.cs" />
        <File uid="22" fullPath="/Users/jcabral/tech_challenge_rm372882/OficinaMecanica.Api/Domain/Entities/OrdemServicoItemServico.cs" />
        <File uid="23" fullPath="/Users/jcabral/tech_challenge_rm372882/OficinaMecanica.Api/Domain/Entities/PecaInsumo.cs" />
        <File uid="24" fullPath="/Users/jcabral/tech_challenge_rm372882/OficinaMecanica.Api/Domain/Entities/Servico.cs" />
        <File uid="25" fullPath="/Users/jcabral/tech_challenge_rm372882/OficinaMecanica.Api/Domain/Entities/Veiculo.cs" />
        <File uid="26" fullPath="/Users/jcabral/tech_challenge_rm372882/OficinaMecanica.Api/Controllers/AuthController.cs" />
        <File uid="27" fullPath="/Users/jcabral/tech_challenge_rm372882/OficinaMecanica.Api/Controllers/ClientesController.cs" />
        <File uid="28" fullPath="/Users/jcabral/tech_challenge_rm372882/OficinaMecanica.Api/Controllers/OrdensServicoController.cs" />
        <File uid="29" fullPath="/Users/jcabral/tech_challenge_rm372882/OficinaMecanica.Api/Controllers/PecasController.cs" />
        <File uid="30" fullPath="/Users/jcabral/tech_challenge_rm372882/OficinaMecanica.Api/Controllers/ServicosController.cs" />
        <File uid="31" fullPath="/Users/jcabral/tech_challenge_rm372882/OficinaMecanica.Api/Controllers/VeiculosController.cs" />
        <File uid="32" fullPath="/Users/jcabral/tech_challenge_rm372882/OficinaMecanica.Api/Application/Validators/CpfCnpjAttribute.cs" />
        <File uid="33" fullPath="/Users/jcabral/tech_challenge_rm372882/OficinaMecanica.Api/Application/Validators/PlacaVeiculoAttribute.cs" />
        <File uid="34" fullPath="/Users/jcabral/tech_challenge_rm372882/OficinaMecanica.Api/Application/Settings/AdminUserSettings.cs" />
        <File uid="35" fullPath="/Users/jcabral/tech_challenge_rm372882/OficinaMecanica.Api/Application/Settings/JwtSettings.cs" />
        <File uid="36" fullPath="/Users/jcabral/tech_challenge_rm372882/OficinaMecanica.Api/Application/Services/AuthService.cs" />
        <File uid="37" fullPath="/Users/jcabral/tech_challenge_rm372882/OficinaMecanica.Api/Application/Services/ClienteService.cs" />
        <File uid="38" fullPath="/Users/jcabral/tech_challenge_rm372882/OficinaMecanica.Api/Application/Services/OrdemServicoService.cs" />
        <File uid="39" fullPath="/Users/jcabral/tech_challenge_rm372882/OficinaMecanica.Api/Application/Services/PecaInsumoService.cs" />
        <File uid="40" fullPath="/Users/jcabral/tech_challenge_rm372882/OficinaMecanica.Api/Application/Services/ServicoService.cs" />
        <File uid="41" fullPath="/Users/jcabral/tech_challenge_rm372882/OficinaMecanica.Api/Application/Services/VeiculoService.cs" />
        <File uid="42" fullPath="/Users/jcabral/tech_challenge_rm372882/OficinaMecanica.Api/Application/DTOs/ClienteRequestDto.cs" />
        <File uid="43" fullPath="/Users/jcabral/tech_challenge_rm372882/OficinaMecanica.Api/Application/DTOs/ClienteResponseDto.cs" />
        <File uid="44" fullPath="/Users/jcabral/tech_challenge_rm372882/OficinaMecanica.Api/Application/DTOs/LoginRequestDto.cs" />
        <File uid="45" fullPath="/Users/jcabral/tech_challenge_rm372882/OficinaMecanica.Api/Application/DTOs/LoginResponseDto.cs" />
        <File uid="46" fullPath="/Users/jcabral/tech_challenge_rm372882/OficinaMecanica.Api/Application/DTOs/OrdemServicoItemPecaInsumoRequestDto.cs" />
        <File uid="47" fullPath="/Users/jcabral/tech_challenge_rm372882/OficinaMecanica.Api/Application/DTOs/OrdemServicoItemPecaInsumoResponseDto.cs" />
        <File uid="48" fullPath="/Users/jcabral/tech_challenge_rm372882/OficinaMecanica.Api/Application/DTOs/OrdemServicoItemServicoResponseDto.cs" />
        <File uid="49" fullPath="/Users/jcabral/tech_challenge_rm372882/OficinaMecanica.Api/Application/DTOs/OrdemServicoOrcamentoRequestDto.cs" />
        <File uid="50" fullPath="/Users/jcabral/tech_challenge_rm372882/OficinaMecanica.Api/Application/DTOs/OrdemServicoRequestDto.cs" />
        <File uid="51" fullPath="/Users/jcabral/tech_challenge_rm372882/OficinaMecanica.Api/Application/DTOs/OrdemServicoResponseDto.cs" />
        <File uid="52" fullPath="/Users/jcabral/tech_challenge_rm372882/OficinaMecanica.Api/Application/DTOs/OrdemServicoRespostaAprovacaoRequestDto.cs" />
        <File uid="53" fullPath="/Users/jcabral/tech_challenge_rm372882/OficinaMecanica.Api/Application/DTOs/PecaInsumoRequestDto.cs" />
        <File uid="54" fullPath="/Users/jcabral/tech_challenge_rm372882/OficinaMecanica.Api/Application/DTOs/PecaInsumoResponseDto.cs" />
        <File uid="55" fullPath="/Users/jcabral/tech_challenge_rm372882/OficinaMecanica.Api/Application/DTOs/ServicoRequestDto.cs" />
        <File uid="56" fullPath="/Users/jcabral/tech_challenge_rm372882/OficinaMecanica.Api/Application/DTOs/ServicoResponseDto.cs" />
        <File uid="57" fullPath="/Users/jcabral/tech_challenge_rm372882/OficinaMecanica.Api/Application/DTOs/TempoMedioExecucaoResponseDto.cs" />
        <File uid="58" fullPath="/Users/jcabral/tech_challenge_rm372882/OficinaMecanica.Api/Application/DTOs/VeiculoRequestDto.cs" />
        <File uid="59" fullPath="/Users/jcabral/tech_challenge_rm372882/OficinaMecanica.Api/Application/DTOs/VeiculoResponseDto.cs" />
      </Files>
      <Classes>
        <Class>
          <Summary numSequencePoints="59" visitedSequencePoints="56" numBranchPoints="4" visitedBranchPoints="3" sequenceCoverage="94.91" branchCoverage="75" maxCyclomaticComplexity="4" minCyclomaticComplexity="4" visitedClasses="1" numClasses="1" visitedMethods="1" numMethods="1" />
          <FullName>Program</FullName>
          <Methods>
            <Method cyclomaticComplexity="4" nPathComplexity="4" sequenceCoverage="94.91" branchCoverage="75" isConstructor="False" isGetter="False" isSetter="False" isStatic="True">
              <Summary numSequencePoints="59" visitedSequencePoints="56" numBranchPoints="4" visitedBranchPoints="3" sequenceCoverage="94.91" branchCoverage="75" maxCyclomaticComplexity="4" minCyclomaticComplexity="4" visitedClasses="0" numClasses="0" visitedMethods="1" numMethods="1" />
              <MetadataToken />
              <Name>System.Void Program::&lt;Main&gt;$(System.String[])</Name>
              <FileRef uid="1" />
              <SequencePoints>
                <SequencePoint vc="25" uspid="12" ordinal="0" sl="12" sc="1" el="12" ec="2" bec="0" bev="0" fileid="1" />
                <SequencePoint vc="25" uspid="13" ordinal="1" sl="13" sc="1" el="13" ec="2" bec="0" bev="0" fileid="1" />
                <SequencePoint vc="25" uspid="14" ordinal="2" sl="14" sc="1" el="14" ec="2" bec="0" bev="0" fileid="1" />
                <SequencePoint vc="25" uspid="15" ordinal="3" sl="15" sc="1" el="15" ec="2" bec="0" bev="0" fileid="1" />
                <SequencePoint vc="25" uspid="17" ordinal="4" sl="17" sc="1" el="17" ec="2" bec="0" bev="0" fileid="1" />
                <SequencePoint vc="25" uspid="18" ordinal="5" sl="18" sc="1" el="18" ec="2" bec="0" bev="0" fileid="1" />
                <SequencePoint vc="25" uspid="19" ordinal="6" sl="19" sc="1" el="19" ec="2" bec="0" bev="0" fileid="1" />
                <SequencePoint vc="25" uspid="20" ordinal="7" sl="20" sc="1" el="20" ec="2" bec="0" bev="0" fileid="1" />
                <SequencePoint vc="25" uspid="21" ordinal="8" sl="21" sc="1" el="21" ec="2" bec="0" bev="0" fileid="1" />
                <SequencePoint vc="25" uspid="22" ordinal="9" sl="22" sc="1" el="22" ec="2" bec="0" bev="0" fileid="1" />
                <SequencePoint vc="25" uspid="23" ordinal="10" sl="23" sc="1" el="23" ec="2" bec="0" bev="0" fileid="1" />
                <SequencePoint vc="25" uspid="24" ordinal="11" sl="24" sc="1" el="24" ec="2" bec="0" bev="0" fileid="1" />
                <SequencePoint vc="25" uspid="25" ordinal="12" sl="25" sc="1" el="25" ec="2" bec="0" bev="0" fileid="1" />
                <SequencePoint vc="25" uspid="26" ordinal="13" sl="26" sc="1" el="26" ec="2" bec="0" bev="0" fileid="1" />
                <SequencePoint vc="25" uspid="27" ordinal="14" sl="27" sc="1" el="27" ec="2" bec="0" bev="0" fileid="1" />
                <SequencePoint vc="25" uspid="28" ordinal="15" sl="28" sc="1" el="28" ec="2" bec="0" bev="0" fileid="1" />
                <SequencePoint vc="25" uspid="29" ordinal="16" sl="29" sc="1" el="29" ec="2" bec="0" bev="0" fileid="1" />
                <SequencePoint vc="25" uspid="30" ordinal="17" sl="30" sc="1" el="30" ec="2" bec="0" bev="0" fileid="1" />
                <SequencePoint vc="25" uspid="31" ordinal="18" sl="31" sc="1" el="31" ec="2" bec="0" bev="0" fileid="1" />
                <SequencePoint vc="25" uspid="32" ordinal="19" sl="32" sc="1" el="32" ec="2" bec="0" bev="0" fileid="1" />
                <SequencePoint vc="25" uspid="33" ordinal="20" sl="33" sc="1" el="33" ec="2" bec="0" bev="0" fileid="1" />
                <SequencePoint vc="25" uspid="34" ordinal="21" sl="34" sc="1" el="34" ec="2" bec="0" bev="0" fileid="1" />
                <SequencePoint vc="25" uspid="35" ordinal="22" sl="35" sc="1" el="35" ec="2" bec="0" bev="0" fileid="1" />
                <SequencePoint vc="25" uspid="36" ordinal="23" sl="36" sc="1" el="36" ec="2" bec="0" bev="0" fileid="1" />
                <SequencePoint vc="25" uspid="37" ordinal="24" sl="37" sc="1" el="37" ec="2" bec="0" bev="0" fileid="1" />
                <SequencePoint vc="25" uspid="38" ordinal="25" sl="38" sc="1" el="38" ec="2" bec="0" bev="0" fileid="1" />
                <SequencePoint vc="25" uspid="39" ordinal="26" sl="39" sc="1" el="39" ec="2" bec="0" bev="0" fileid="1" />
                <SequencePoint vc="50" uspid="40" ordinal="27" sl="40" sc="1" el="40" ec="2" bec="0" bev="0" fileid="1" />
                <SequencePoint vc="25" uspid="41" ordinal="28" sl="41" sc="1" el="41" ec="2" bec="0" bev="0" fileid="1" />
                <SequencePoint vc="25" uspid="43" ordinal="29" sl="43" sc="1" el="43" ec="2" bec="0" bev="0" fileid="1" />
                <SequencePoint vc="25" uspid="44" ordinal="30" sl="44" sc="1" el="44" ec="2" bec="0" bev="0" fileid="1" />
                <SequencePoint vc="25" uspid="45" ordinal="31" sl="45" sc="1" el="45" ec="2" bec="0" bev="0" fileid="1" />
                <SequencePoint vc="25" uspid="46" ordinal="32" sl="46" sc="1" el="46" ec="2" bec="0" bev="0" fileid="1" />
                <SequencePoint vc="25" uspid="47" ordinal="33" sl="47" sc="1" el="47" ec="2" bec="0" bev="0" fileid="1" />
                <SequencePoint vc="25" uspid="48" ordinal="34" sl="48" sc="1" el="48" ec="2" bec="0" bev="0" fileid="1" />
                <SequencePoint vc="25" uspid="49" ordinal="35" sl="49" sc="1" el="49" ec="2" bec="0" bev="0" fileid="1" />
                <SequencePoint vc="25" uspid="50" ordinal="36" sl="50" sc="1" el="50" ec="2" bec="0" bev="0" fileid="1" />
                <SequencePoint vc="25" uspid="51" ordinal="37" sl="51" sc="1" el="51" ec="2" bec="0" bev="0" fileid="1" />
                <SequencePoint vc="25" uspid="52" ordinal="38" sl="52" sc="1" el="52" ec="2" bec="0" bev="0" fileid="1" />
                <SequencePoint vc="25" uspid="53" ordinal="39" sl="53" sc="1" el="53" ec="2" bec="0" bev="0" fileid="1" />
                <SequencePoint vc="25" uspid="55" ordinal="40" sl="55" sc="1" el="55" ec="2" bec="0" bev="0" fileid="1" />
                <SequencePoint vc="25" uspid="57" ordinal="41" sl="57" sc="1" el="57" ec="2" bec="0" bev="0" fileid="1" />
                <SequencePoint vc="25" uspid="58" ordinal="42" sl="58" sc="1" el="58" ec="2" bec="0" bev="0" fileid="1" />
                <SequencePoint vc="25" uspid="59" ordinal="43" sl="59" sc="1" el="59" ec="2" bec="0" bev="0" fileid="1" />
                <SequencePoint vc="25" uspid="61" ordinal="44" sl="61" sc="1" el="61" ec="2" bec="2" bev="1" fileid="1" />
                <SequencePoint vc="0" uspid="62" ordinal="45" sl="62" sc="1" el="62" ec="2" bec="0" bev="0" fileid="1" />
                <SequencePoint vc="0" uspid="63" ordinal="46" sl="63" sc="1" el="63" ec="2" bec="0" bev="0" fileid="1" />
                <SequencePoint vc="0" uspid="64" ordinal="47" sl="64" sc="1" el="64" ec="2" bec="0" bev="0" fileid="1" />
                <SequencePoint vc="25" uspid="65" ordinal="48" sl="65" sc="1" el="65" ec="2" bec="0" bev="0" fileid="1" />
                <SequencePoint vc="25" uspid="67" ordinal="49" sl="67" sc="1" el="67" ec="2" bec="2" bev="2" fileid="1" />
                <SequencePoint vc="25" uspid="68" ordinal="50" sl="68" sc="1" el="68" ec="2" bec="0" bev="0" fileid="1" />
                <SequencePoint vc="25" uspid="69" ordinal="51" sl="69" sc="1" el="69" ec="2" bec="0" bev="0" fileid="1" />
                <SequencePoint vc="25" uspid="70" ordinal="52" sl="70" sc="1" el="70" ec="2" bec="0" bev="0" fileid="1" />
                <SequencePoint vc="25" uspid="71" ordinal="53" sl="71" sc="1" el="71" ec="2" bec="0" bev="0" fileid="1" />
                <SequencePoint vc="25" uspid="73" ordinal="54" sl="73" sc="1" el="73" ec="2" bec="0" bev="0" fileid="1" />
                <SequencePoint vc="25" uspid="74" ordinal="55" sl="74" sc="1" el="74" ec="2" bec="0" bev="0" fileid="1" />
                <SequencePoint vc="25" uspid="75" ordinal="56" sl="75" sc="1" el="75" ec="2" bec="0" bev="0" fileid="1" />
                <SequencePoint vc="25" uspid="77" ordinal="57" sl="77" sc="1" el="77" ec="2" bec="0" bev="0" fileid="1" />
                <SequencePoint vc="25" uspid="79" ordinal="58" sl="79" sc="1" el="79" ec="2" bec="0" bev="0" fileid="1" />
              </SequencePoints>
              <BranchPoints>
                <BranchPoint vc="0" uspid="61" ordinal="0" path="0" offset="515" offsetend="517" sl="61" fileid="1" />
                <BranchPoint vc="25" uspid="61" ordinal="1" path="1" offset="515" offsetend="532" sl="61" fileid="1" />
                <BranchPoint vc="25" uspid="67" ordinal="2" path="0" offset="561" offsetend="563" sl="67" fileid="1" />
                <BranchPoint vc="25" uspid="67" ordinal="3" path="1" offset="561" offsetend="581" sl="67" fileid="1" />
              </BranchPoints>
              <MethodPoint vc="56" uspid="0" p8:type="SequencePoint" ordinal="0" offset="0" sc="0" sl="12" ec="1" el="79" bec="0" bev="0" fileid="1" xmlns:p8="xsi" />
            </Method>
          </Methods>
        </Class>
        <Class>
          <Summary numSequencePoints="10" visitedSequencePoints="0" numBranchPoints="0" visitedBranchPoints="0" sequenceCoverage="0" branchCoverage="100" maxCyclomaticComplexity="1" minCyclomaticComplexity="1" visitedClasses="0" numClasses="1" visitedMethods="0" numMethods="10" />
          <FullName>Microsoft.AspNetCore.OpenApi.Generated.&lt;OpenApiXmlCommentSupport_generated&gt;FABB1D44FF59C94E19FC7BC37D2096D2BAA3793E11AB26496FCA17F3CBC93D0EC__XmlComment</FullName>
          <Methods>
            <Method cyclomaticComplexity="1" nPathComplexity="1" sequenceCoverage="0" branchCoverage="100" isConstructor="False" isGetter="True" isSetter="False" isStatic="True">
              <Summary numSequencePoints="1" visitedSequencePoints="0" numBranchPoints="0" visitedBranchPoints="0" sequenceCoverage="0" branchCoverage="100" maxCyclomaticComplexity="1" minCyclomaticComplexity="1" visitedClasses="0" numClasses="0" visitedMethods="0" numMethods="1" />
              <MetadataToken />
              <Name>System.String Microsoft.AspNetCore.OpenApi.Generated.&lt;OpenApiXmlCommentSupport_generated&gt;FABB1D44FF59C94E19FC7BC37D2096D2BAA3793E11AB26496FCA17F3CBC93D0EC__XmlComment::get_Summary()</Name>
              <FileRef uid="2" />
              <SequencePoints>
                <SequencePoint vc="0" uspid="47" ordinal="0" sl="47" sc="1" el="47" ec="2" bec="0" bev="0" fileid="2" />
              </SequencePoints>
              <BranchPoints />
              <MethodPoint vc="0" uspid="0" p8:type="SequencePoint" ordinal="0" offset="0" sc="0" sl="47" ec="1" el="47" bec="0" bev="0" fileid="2" xmlns:p8="xsi" />
            </Method>
            <Method cyclomaticComplexity="1" nPathComplexity="1" sequenceCoverage="0" branchCoverage="100" isConstructor="False" isGetter="True" isSetter="False" isStatic="True">
              <Summary numSequencePoints="1" visitedSequencePoints="0" numBranchPoints="0" visitedBranchPoints="0" sequenceCoverage="0" branchCoverage="100" maxCyclomaticComplexity="1" minCyclomaticComplexity="1" visitedClasses="0" numClasses="0" visitedMethods="0" numMethods="1" />
              <MetadataToken />
              <Name>System.String Microsoft.AspNetCore.OpenApi.Generated.&lt;OpenApiXmlCommentSupport_generated&gt;FABB1D44FF59C94E19FC7BC37D2096D2BAA3793E11AB26496FCA17F3CBC93D0EC__XmlComment::get_Description()</Name>
              <FileRef uid="2" />
              <SequencePoints>
                <SequencePoint vc="0" uspid="48" ordinal="0" sl="48" sc="1" el="48" ec="2" bec="0" bev="0" fileid="2" />
              </SequencePoints>
              <BranchPoints />
              <MethodPoint vc="0" uspid="0" p8:type="SequencePoint" ordinal="1" offset="1" sc="0" sl="48" ec="1" el="48" bec="0" bev="0" fileid="2" xmlns:p8="xsi" />
            </Method>
            <Method cyclomaticComplexity="1" nPathComplexity="1" sequenceCoverage="0" branchCoverage="100" isConstructor="False" isGetter="True" isSetter="False" isStatic="True">
              <Summary numSequencePoints="1" visitedSequencePoints="0" numBranchPoints="0" visitedBranchPoints="0" sequenceCoverage="0" branchCoverage="100" maxCyclomaticComplexity="1" minCyclomaticComplexity="1" visitedClasses="0" numClasses="0" visitedMethods="0" numMethods="1" />
              <MetadataToken />
              <Name>System.String Microsoft.AspNetCore.OpenApi.Generated.&lt;OpenApiXmlCommentSupport_generated&gt;FABB1D44FF59C94E19FC7BC37D2096D2BAA3793E11AB26496FCA17F3CBC93D0EC__XmlComment::get_Remarks()</Name>
              <FileRef uid="2" />
              <SequencePoints>
                <SequencePoint vc="0" uspid="49" ordinal="0" sl="49" sc="1" el="49" ec="2" bec="0" bev="0" fileid="2" />
              </SequencePoints>
              <BranchPoints />
              <MethodPoint vc="0" uspid="0" p8:type="SequencePoint" ordinal="2" offset="2" sc="0" sl="49" ec="1" el="49" bec="0" bev="0" fileid="2" xmlns:p8="xsi" />
            </Method>
            <Method cyclomaticComplexity="1" nPathComplexity="1" sequenceCoverage="0" branchCoverage="100" isConstructor="False" isGetter="True" isSetter="False" isStatic="True">
              <Summary numSequencePoints="1" visitedSequencePoints="0" numBranchPoints="0" visitedBranchPoints="0" sequenceCoverage="0" branchCoverage="100" maxCyclomaticComplexity="1" minCyclomaticComplexity="1" visitedClasses="0" numClasses="0" visitedMethods="0" numMethods="1" />
              <MetadataToken />
              <Name>System.String Microsoft.AspNetCore.OpenApi.Generated.&lt;OpenApiXmlCommentSupport_generated&gt;FABB1D44FF59C94E19FC7BC37D2096D2BAA3793E11AB26496FCA17F3CBC93D0EC__XmlComment::get_Returns()</Name>
              <FileRef uid="2" />
              <SequencePoints>
                <SequencePoint vc="0" uspid="50" ordinal="0" sl="50" sc="1" el="50" ec="2" bec="0" bev="0" fileid="2" />
              </SequencePoints>
              <BranchPoints />
              <MethodPoint vc="0" uspid="0" p8:type="SequencePoint" ordinal="3" offset="3" sc="0" sl="50" ec="1" el="50" bec="0" bev="0" fileid="2" xmlns:p8="xsi" />
            </Method>
            <Method cyclomaticComplexity="1" nPathComplexity="1" sequenceCoverage="0" branchCoverage="100" isConstructor="False" isGetter="True" isSetter="False" isStatic="True">
              <Summary numSequencePoints="1" visitedSequencePoints="0" numBranchPoints="0" visitedBranchPoints="0" sequenceCoverage="0" branchCoverage="100" maxCyclomaticComplexity="1" minCyclomaticComplexity="1" visitedClasses="0" numClasses="0" visitedMethods="0" numMethods="1" />
              <MetadataToken />
              <Name>System.String Microsoft.AspNetCore.OpenApi.Generated.&lt;OpenApiXmlCommentSupport_generated&gt;FABB1D44FF59C94E19FC7BC37D2096D2BAA3793E11AB26496FCA17F3CBC93D0EC__XmlComment::get_Value()</Name>
              <FileRef uid="2" />
              <SequencePoints>
                <SequencePoint vc="0" uspid="51" ordinal="0" sl="51" sc="1" el="51" ec="2" bec="0" bev="0" fileid="2" />
              </SequencePoints>
              <BranchPoints />
              <MethodPoint vc="0" uspid="0" p8:type="SequencePoint" ordinal="4" offset="4" sc="0" sl="51" ec="1" el="51" bec="0" bev="0" fileid="2" xmlns:p8="xsi" />
            </Method>
            <Method cyclomaticComplexity="1" nPathComplexity="1" sequenceCoverage="0" branchCoverage="100" isConstructor="False" isGetter="True" isSetter="False" isStatic="True">
              <Summary numSequencePoints="1" visitedSequencePoints="0" numBranchPoints="0" visitedBranchPoints="0" sequenceCoverage="0" branchCoverage="100" maxCyclomaticComplexity="1" minCyclomaticComplexity="1" visitedClasses="0" numClasses="0" visitedMethods="0" numMethods="1" />
              <MetadataToken />
              <Name>System.Boolean Microsoft.AspNetCore.OpenApi.Generated.&lt;OpenApiXmlCommentSupport_generated&gt;FABB1D44FF59C94E19FC7BC37D2096D2BAA3793E11AB26496FCA17F3CBC93D0EC__XmlComment::get_Deprecated()</Name>
              <FileRef uid="2" />
              <SequencePoints>
                <SequencePoint vc="0" uspid="52" ordinal="0" sl="52" sc="1" el="52" ec="2" bec="0" bev="0" fileid="2" />
              </SequencePoints>
              <BranchPoints />
              <MethodPoint vc="0" uspid="0" p8:type="SequencePoint" ordinal="5" offset="5" sc="0" sl="52" ec="1" el="52" bec="0" bev="0" fileid="2" xmlns:p8="xsi" />
            </Method>
            <Method cyclomaticComplexity="1" nPathComplexity="1" sequenceCoverage="0" branchCoverage="100" isConstructor="False" isGetter="True" isSetter="False" isStatic="True">
              <Summary numSequencePoints="1" visitedSequencePoints="0" numBranchPoints="0" visitedBranchPoints="0" sequenceCoverage="0" branchCoverage="100" maxCyclomaticComplexity="1" minCyclomaticComplexity="1" visitedClasses="0" numClasses="0" visitedMethods="0" numMethods="1" />
              <MetadataToken />
              <Name>System.Collections.Generic.List`1&lt;System.String&gt; Microsoft.AspNetCore.OpenApi.Generated.&lt;OpenApiXmlCommentSupport_generated&gt;FABB1D44FF59C94E19FC7BC37D2096D2BAA3793E11AB26496FCA17F3CBC93D0EC__XmlComment::get_Examples()</Name>
              <FileRef uid="2" />
              <SequencePoints>
                <SequencePoint vc="0" uspid="53" ordinal="0" sl="53" sc="1" el="53" ec="2" bec="0" bev="0" fileid="2" />
              </SequencePoints>
              <BranchPoints />
              <MethodPoint vc="0" uspid="0" p8:type="SequencePoint" ordinal="6" offset="6" sc="0" sl="53" ec="1" el="53" bec="0" bev="0" fileid="2" xmlns:p8="xsi" />
            </Method>
            <Method cyclomaticComplexity="1" nPathComplexity="1" sequenceCoverage="0" branchCoverage="100" isConstructor="False" isGetter="True" isSetter="False" isStatic="True">
              <Summary numSequencePoints="1" visitedSequencePoints="0" numBranchPoints="0" visitedBranchPoints="0" sequenceCoverage="0" branchCoverage="100" maxCyclomaticComplexity="1" minCyclomaticComplexity="1" visitedClasses="0" numClasses="0" visitedMethods="0" numMethods="1" />
              <MetadataToken />
              <Name>System.Collections.Generic.List`1&lt;Microsoft.AspNetCore.OpenApi.Generated.&lt;OpenApiXmlCommentSupport_generated&gt;FABB1D44FF59C94E19FC7BC37D2096D2BAA3793E11AB26496FCA17F3CBC93D0EC__XmlParameterComment&gt; Microsoft.AspNetCore.OpenApi.Generated.&lt;OpenApiXmlCommentSupport_generated&gt;FABB1D44FF59C94E19FC7BC37D2096D2BAA3793E11AB26496FCA17F3CBC93D0EC__XmlComment::get_Parameters()</Name>
              <FileRef uid="2" />
              <SequencePoints>
                <SequencePoint vc="0" uspid="54" ordinal="0" sl="54" sc="1" el="54" ec="2" bec="0" bev="0" fileid="2" />
              </SequencePoints>
              <BranchPoints />
              <MethodPoint vc="0" uspid="0" p8:type="SequencePoint" ordinal="7" offset="7" sc="0" sl="54" ec="1" el="54" bec="0" bev="0" fileid="2" xmlns:p8="xsi" />
            </Method>
            <Method cyclomaticComplexity="1" nPathComplexity="1" sequenceCoverage="0" branchCoverage="100" isConstructor="False" isGetter="True" isSetter="False" isStatic="True">
              <Summary numSequencePoints="1" visitedSequencePoints="0" numBranchPoints="0" visitedBranchPoints="0" sequenceCoverage="0" branchCoverage="100" maxCyclomaticComplexity="1" minCyclomaticComplexity="1" visitedClasses="0" numClasses="0" visitedMethods="0" numMethods="1" />
              <MetadataToken />
              <Name>System.Collections.Generic.List`1&lt;Microsoft.AspNetCore.OpenApi.Generated.&lt;OpenApiXmlCommentSupport_generated&gt;FABB1D44FF59C94E19FC7BC37D2096D2BAA3793E11AB26496FCA17F3CBC93D0EC__XmlResponseComment&gt; Microsoft.AspNetCore.OpenApi.Generated.&lt;OpenApiXmlCommentSupport_generated&gt;FABB1D44FF59C94E19FC7BC37D2096D2BAA3793E11AB26496FCA17F3CBC93D0EC__XmlComment::get_Responses()</Name>
              <FileRef uid="2" />
              <SequencePoints>
                <SequencePoint vc="0" uspid="55" ordinal="0" sl="55" sc="1" el="55" ec="2" bec="0" bev="0" fileid="2" />
              </SequencePoints>
              <BranchPoints />
              <MethodPoint vc="0" uspid="0" p8:type="SequencePoint" ordinal="8" offset="8" sc="0" sl="55" ec="1" el="55" bec="0" bev="0" fileid="2" xmlns:p8="xsi" />
            </Method>
            <Method cyclomaticComplexity="1" nPathComplexity="1" sequenceCoverage="0" branchCoverage="100" isConstructor="True" isGetter="False" isSetter="False" isStatic="True">
              <Summary numSequencePoints="1" visitedSequencePoints="0" numBranchPoints="0" visitedBranchPoints="0" sequenceCoverage="0" branchCoverage="100" maxCyclomaticComplexity="1" minCyclomaticComplexity="1" visitedClasses="0" numClasses="0" visitedMethods="0" numMethods="1" />
              <MetadataToken />
              <Name>System.Void Microsoft.AspNetCore.OpenApi.Generated.&lt;OpenApiXmlCommentSupport_generated&gt;FABB1D44FF59C94E19FC7BC37D2096D2BAA3793E11AB26496FCA17F3CBC93D0EC__XmlComment::.ctor(System.String,System.String,System.String,System.String,System.String,System.Boolean,System.Collections.Generic.List`1&lt;System.String&gt;,System.Collections.Generic.List`1&lt;Microsoft.AspNetCore.OpenApi.Generated.&lt;OpenApiXmlCommentSupport_generated&gt;FABB1D44FF59C94E19FC7BC37D2096D2BAA3793E11AB26496FCA17F3CBC93D0EC__XmlParameterComment&gt;,System.Collections.Generic.List`1&lt;Microsoft.AspNetCore.OpenApi.Generated.&lt;OpenApiXmlCommentSupport_generated&gt;FABB1D44FF59C94E19FC7BC37D2096D2BAA3793E11AB26496FCA17F3CBC93D0EC__XmlResponseComment&gt;)</Name>
              <FileRef uid="2" />
              <SequencePoints>
                <SequencePoint vc="0" uspid="46" ordinal="0" sl="46" sc="1" el="46" ec="2" bec="0" bev="0" fileid="2" />
              </SequencePoints>
              <BranchPoints />
              <MethodPoint vc="0" uspid="0" p8:type="SequencePoint" ordinal="9" offset="9" sc="0" sl="46" ec="1" el="46" bec="0" bev="0" fileid="2" xmlns:p8="xsi" />
            </Method>
          </Methods>
        </Class>
        <Class>
          <Summary numSequencePoints="1" visitedSequencePoints="0" numBranchPoints="0" visitedBranchPoints="0" sequenceCoverage="0" branchCoverage="100" maxCyclomaticComplexity="1" minCyclomaticComplexity="1" visitedClasses="0" numClasses="1" visitedMethods="0" numMethods="1" />
          <FullName>Microsoft.AspNetCore.OpenApi.Generated.&lt;OpenApiXmlCommentSupport_generated&gt;FABB1D44FF59C94E19FC7BC37D2096D2BAA3793E11AB26496FCA17F3CBC93D0EC__XmlParameterComment</FullName>
          <Methods>
            <Method cyclomaticComplexity="1" nPathComplexity="1" sequenceCoverage="0" branchCoverage="100" isConstructor="False" isGetter="True" isSetter="False" isStatic="True">
              <Summary numSequencePoints="1" visitedSequencePoints="0" numBranchPoints="0" visitedBranchPoints="0" sequenceCoverage="0" branchCoverage="100" maxCyclomaticComplexity="1" minCyclomaticComplexity="1" visitedClasses="0" numClasses="0" visitedMethods="0" numMethods="1" />
              <MetadataToken />
              <Name>System.String Microsoft.AspNetCore.OpenApi.Generated.&lt;OpenApiXmlCommentSupport_generated&gt;FABB1D44FF59C94E19FC7BC37D2096D2BAA3793E11AB26496FCA17F3CBC93D0EC__XmlParameterComment::get_Name()</Name>
              <FileRef uid="2" />
              <SequencePoints>
                <SequencePoint vc="0" uspid="58" ordinal="0" sl="58" sc="1" el="58" ec="2" bec="0" bev="0" fileid="2" />
              </SequencePoints>
              <BranchPoints />
              <MethodPoint vc="0" uspid="0" p8:type="SequencePoint" ordinal="0" offset="0" sc="0" sl="58" ec="1" el="58" bec="0" bev="0" fileid="2" xmlns:p8="xsi" />
            </Method>
          </Methods>
        </Class>
        <Class>
          <Summary numSequencePoints="1" visitedSequencePoints="0" numBranchPoints="0" visitedBranchPoints="0" sequenceCoverage="0" branchCoverage="100" maxCyclomaticComplexity="1" minCyclomaticComplexity="1" visitedClasses="0" numClasses="1" visitedMethods="0" numMethods="1" />
          <FullName>Microsoft.AspNetCore.OpenApi.Generated.&lt;OpenApiXmlCommentSupport_generated&gt;FABB1D44FF59C94E19FC7BC37D2096D2BAA3793E11AB26496FCA17F3CBC93D0EC__XmlResponseComment</FullName>
          <Methods>
            <Method cyclomaticComplexity="1" nPathComplexity="1" sequenceCoverage="0" branchCoverage="100" isConstructor="False" isGetter="True" isSetter="False" isStatic="True">
              <Summary numSequencePoints="1" visitedSequencePoints="0" numBranchPoints="0" visitedBranchPoints="0" sequenceCoverage="0" branchCoverage="100" maxCyclomaticComplexity="1" minCyclomaticComplexity="1" visitedClasses="0" numClasses="0" visitedMethods="0" numMethods="1" />
              <MetadataToken />
              <Name>System.String Microsoft.AspNetCore.OpenApi.Generated.&lt;OpenApiXmlCommentSupport_generated&gt;FABB1D44FF59C94E19FC7BC37D2096D2BAA3793E11AB26496FCA17F3CBC93D0EC__XmlResponseComment::get_Code()</Name>
              <FileRef uid="2" />
              <SequencePoints>
                <SequencePoint vc="0" uspid="61" ordinal="0" sl="61" sc="1" el="61" ec="2" bec="0" bev="0" fileid="2" />
              </SequencePoints>
              <BranchPoints />
              <MethodPoint vc="0" uspid="0" p8:type="SequencePoint" ordinal="0" offset="0" sc="0" sl="61" ec="1" el="61" bec="0" bev="0" fileid="2" xmlns:p8="xsi" />
            </Method>
          </Methods>
        </Class>
        <Class>
          <Summary numSequencePoints="5" visitedSequencePoints="0" numBranchPoints="2" visitedBranchPoints="0" sequenceCoverage="0" branchCoverage="0" maxCyclomaticComplexity="2" minCyclomaticComplexity="1" visitedClasses="0" numClasses="1" visitedMethods="0" numMethods="2" />
          <FullName>Microsoft.AspNetCore.OpenApi.Generated.&lt;OpenApiXmlCommentSupport_generated&gt;FABB1D44FF59C94E19FC7BC37D2096D2BAA3793E11AB26496FCA17F3CBC93D0EC__XmlCommentCache</FullName>
          <Methods>
            <Method cyclomaticComplexity="2" nPathComplexity="2" sequenceCoverage="0" branchCoverage="0" isConstructor="False" isGetter="True" isSetter="False" isStatic="True">
              <Summary numSequencePoints="1" visitedSequencePoints="0" numBranchPoints="2" visitedBranchPoints="0" sequenceCoverage="0" branchCoverage="0" maxCyclomaticComplexity="2" minCyclomaticComplexity="2" visitedClasses="0" numClasses="0" visitedMethods="0" numMethods="1" />
              <MetadataToken />
              <Name>System.Collections.Generic.Dictionary`2&lt;System.String,Microsoft.AspNetCore.OpenApi.Generated.&lt;OpenApiXmlCommentSupport_generated&gt;FABB1D44FF59C94E19FC7BC37D2096D2BAA3793E11AB26496FCA17F3CBC93D0EC__XmlComment&gt; Microsoft.AspNetCore.OpenApi.Generated.&lt;OpenApiXmlCommentSupport_generated&gt;FABB1D44FF59C94E19FC7BC37D2096D2BAA3793E11AB26496FCA17F3CBC93D0EC__XmlCommentCache::get_Cache()</Name>
              <FileRef uid="2" />
              <SequencePoints>
                <SequencePoint vc="0" uspid="67" ordinal="0" sl="67" sc="1" el="67" ec="2" bec="2" bev="0" fileid="2" />
              </SequencePoints>
              <BranchPoints>
                <BranchPoint vc="0" uspid="67" ordinal="0" path="0" offset="6" offsetend="8" sl="67" fileid="2" />
                <BranchPoint vc="0" uspid="67" ordinal="1" path="1" offset="6" offsetend="20" sl="67" fileid="2" />
              </BranchPoints>
              <MethodPoint vc="0" uspid="0" p8:type="SequencePoint" ordinal="0" offset="0" sc="0" sl="67" ec="1" el="67" bec="0" bev="0" fileid="2" xmlns:p8="xsi" />
            </Method>
            <Method cyclomaticComplexity="1" nPathComplexity="1" sequenceCoverage="0" branchCoverage="100" isConstructor="False" isGetter="False" isSetter="False" isStatic="True">
              <Summary numSequencePoints="4" visitedSequencePoints="0" numBranchPoints="0" visitedBranchPoints="0" sequenceCoverage="0" branchCoverage="100" maxCyclomaticComplexity="1" minCyclomaticComplexity="1" visitedClasses="0" numClasses="0" visitedMethods="0" numMethods="1" />
              <MetadataToken />
              <Name>System.Collections.Generic.Dictionary`2&lt;System.String,Microsoft.AspNetCore.OpenApi.Generated.&lt;OpenApiXmlCommentSupport_generated&gt;FABB1D44FF59C94E19FC7BC37D2096D2BAA3793E11AB26496FCA17F3CBC93D0EC__XmlComment&gt; Microsoft.AspNetCore.OpenApi.Generated.&lt;OpenApiXmlCommentSupport_generated&gt;FABB1D44FF59C94E19FC7BC37D2096D2BAA3793E11AB26496FCA17F3CBC93D0EC__XmlCommentCache::GenerateCacheEntries()</Name>
              <FileRef uid="2" />
              <SequencePoints>
                <SequencePoint vc="0" uspid="70" ordinal="0" sl="70" sc="1" el="70" ec="2" bec="0" bev="0" fileid="2" />
                <SequencePoint vc="0" uspid="71" ordinal="1" sl="71" sc="1" el="71" ec="2" bec="0" bev="0" fileid="2" />
                <SequencePoint vc="0" uspid="75" ordinal="2" sl="75" sc="1" el="75" ec="2" bec="0" bev="0" fileid="2" />
                <SequencePoint vc="0" uspid="76" ordinal="3" sl="76" sc="1" el="76" ec="2" bec="0" bev="0" fileid="2" />
              </SequencePoints>
              <BranchPoints />
              <MethodPoint vc="0" uspid="0" p8:type="SequencePoint" ordinal="1" offset="1" sc="0" sl="70" ec="1" el="76" bec="0" bev="0" fileid="2" xmlns:p8="xsi" />
            </Method>
          </Methods>
        </Class>
        <Class>
          <Summary numSequencePoints="155" visitedSequencePoints="0" numBranchPoints="68" visitedBranchPoints="0" sequenceCoverage="0" branchCoverage="0" maxCyclomaticComplexity="28" minCyclomaticComplexity="2" visitedClasses="0" numClasses="1" visitedMethods="0" numMethods="6" />
          <FullName>Microsoft.AspNetCore.OpenApi.Generated.&lt;OpenApiXmlCommentSupport_generated&gt;FABB1D44FF59C94E19FC7BC37D2096D2BAA3793E11AB26496FCA17F3CBC93D0EC__DocumentationCommentIdHelper</FullName>
          <Methods>
            <Method cyclomaticComplexity="2" nPathComplexity="2" sequenceCoverage="0" branchCoverage="0" isConstructor="False" isGetter="False" isSetter="False" isStatic="True">
              <Summary numSequencePoints="6" visitedSequencePoints="0" numBranchPoints="2" visitedBranchPoints="0" sequenceCoverage="0" branchCoverage="0" maxCyclomaticComplexity="2" minCyclomaticComplexity="2" visitedClasses="0" numClasses="0" visitedMethods="0" numMethods="1" />
              <MetadataToken />
              <Name>System.String Microsoft.AspNetCore.OpenApi.Generated.&lt;OpenApiXmlCommentSupport_generated&gt;FABB1D44FF59C94E19FC7BC37D2096D2BAA3793E11AB26496FCA17F3CBC93D0EC__DocumentationCommentIdHelper::CreateDocumentationId(System.Type)</Name>
              <FileRef uid="2" />
              <SequencePoints>
                <SequencePoint vc="0" uspid="87" ordinal="0" sl="87" sc="1" el="87" ec="2" bec="0" bev="0" fileid="2" />
                <SequencePoint vc="0" uspid="88" ordinal="1" sl="88" sc="1" el="88" ec="2" bec="2" bev="0" fileid="2" />
                <SequencePoint vc="0" uspid="89" ordinal="2" sl="89" sc="1" el="89" ec="2" bec="0" bev="0" fileid="2" />
                <SequencePoint vc="0" uspid="90" ordinal="3" sl="90" sc="1" el="90" ec="2" bec="0" bev="0" fileid="2" />
                <SequencePoint vc="0" uspid="93" ordinal="4" sl="93" sc="1" el="93" ec="2" bec="0" bev="0" fileid="2" />
                <SequencePoint vc="0" uspid="94" ordinal="5" sl="94" sc="1" el="94" ec="2" bec="0" bev="0" fileid="2" />
              </SequencePoints>
              <BranchPoints>
                <BranchPoint vc="0" uspid="88" ordinal="0" path="0" offset="10" offsetend="12" sl="88" fileid="2" />
                <BranchPoint vc="0" uspid="88" ordinal="1" path="1" offset="10" offsetend="24" sl="88" fileid="2" />
              </BranchPoints>
              <MethodPoint vc="0" uspid="0" p8:type="SequencePoint" ordinal="0" offset="0" sc="0" sl="87" ec="1" el="94" bec="0" bev="0" fileid="2" xmlns:p8="xsi" />
            </Method>
            <Method cyclomaticComplexity="10" nPathComplexity="10" sequenceCoverage="0" branchCoverage="0" isConstructor="False" isGetter="False" isSetter="False" isStatic="True">
              <Summary numSequencePoints="28" visitedSequencePoints="0" numBranchPoints="10" visitedBranchPoints="0" sequenceCoverage="0" branchCoverage="0" maxCyclomaticComplexity="10" minCyclomaticComplexity="10" visitedClasses="0" numClasses="0" visitedMethods="0" numMethods="1" />
              <MetadataToken />
              <Name>System.String Microsoft.AspNetCore.OpenApi.Generated.&lt;OpenApiXmlCommentSupport_generated&gt;FABB1D44FF59C94E19FC7BC37D2096D2BAA3793E11AB26496FCA17F3CBC93D0EC__DocumentationCommentIdHelper::CreateDocumentationId(System.Reflection.PropertyInfo)</Name>
              <FileRef uid="2" />
              <SequencePoints>
                <SequencePoint vc="0" uspid="101" ordinal="0" sl="101" sc="1" el="101" ec="2" bec="0" bev="0" fileid="2" />
                <SequencePoint vc="0" uspid="102" ordinal="1" sl="102" sc="1" el="102" ec="2" bec="2" bev="0" fileid="2" />
                <SequencePoint vc="0" uspid="103" ordinal="2" sl="103" sc="1" el="103" ec="2" bec="0" bev="0" fileid="2" />
                <SequencePoint vc="0" uspid="104" ordinal="3" sl="104" sc="1" el="104" ec="2" bec="0" bev="0" fileid="2" />
                <SequencePoint vc="0" uspid="107" ordinal="4" sl="107" sc="1" el="107" ec="2" bec="0" bev="0" fileid="2" />
                <SequencePoint vc="0" uspid="108" ordinal="5" sl="108" sc="1" el="108" ec="2" bec="0" bev="0" fileid="2" />
                <SequencePoint vc="0" uspid="110" ordinal="6" sl="110" sc="1" el="110" ec="2" bec="2" bev="0" fileid="2" />
                <SequencePoint vc="0" uspid="111" ordinal="7" sl="111" sc="1" el="111" ec="2" bec="0" bev="0" fileid="2" />
                <SequencePoint vc="0" uspid="112" ordinal="8" sl="112" sc="1" el="112" ec="2" bec="0" bev="0" fileid="2" />
                <SequencePoint vc="0" uspid="113" ordinal="9" sl="113" sc="1" el="113" ec="2" bec="0" bev="0" fileid="2" />
                <SequencePoint vc="0" uspid="115" ordinal="10" sl="115" sc="1" el="115" ec="2" bec="0" bev="0" fileid="2" />
                <SequencePoint vc="0" uspid="116" ordinal="11" sl="116" sc="1" el="116" ec="2" bec="0" bev="0" fileid="2" />
                <SequencePoint vc="0" uspid="119" ordinal="12" sl="119" sc="1" el="119" ec="2" bec="0" bev="0" fileid="2" />
                <SequencePoint vc="0" uspid="120" ordinal="13" sl="120" sc="1" el="120" ec="2" bec="2" bev="0" fileid="2" />
                <SequencePoint vc="0" uspid="121" ordinal="14" sl="121" sc="1" el="121" ec="2" bec="0" bev="0" fileid="2" />
                <SequencePoint vc="0" uspid="122" ordinal="15" sl="122" sc="1" el="122" ec="2" bec="0" bev="0" fileid="2" />
                <SequencePoint vc="0" uspid="123" ordinal="16" sl="123" sc="1" el="123" ec="2" bec="2" bev="0" fileid="2" />
                <SequencePoint vc="0" uspid="124" ordinal="17" sl="124" sc="1" el="124" ec="2" bec="0" bev="0" fileid="2" />
                <SequencePoint vc="0" uspid="125" ordinal="18" sl="125" sc="1" el="125" ec="2" bec="2" bev="0" fileid="2" />
                <SequencePoint vc="0" uspid="126" ordinal="19" sl="126" sc="1" el="126" ec="2" bec="0" bev="0" fileid="2" />
                <SequencePoint vc="0" uspid="127" ordinal="20" sl="127" sc="1" el="127" ec="2" bec="0" bev="0" fileid="2" />
                <SequencePoint vc="0" uspid="128" ordinal="21" sl="128" sc="1" el="128" ec="2" bec="0" bev="0" fileid="2" />
                <SequencePoint vc="0" uspid="130" ordinal="22" sl="130" sc="1" el="130" ec="2" bec="0" bev="0" fileid="2" />
                <SequencePoint vc="0" uspid="131" ordinal="23" sl="131" sc="1" el="131" ec="2" bec="0" bev="0" fileid="2" />
                <SequencePoint vc="0" uspid="132" ordinal="24" sl="132" sc="1" el="132" ec="2" bec="0" bev="0" fileid="2" />
                <SequencePoint vc="0" uspid="133" ordinal="25" sl="133" sc="1" el="133" ec="2" bec="0" bev="0" fileid="2" />
                <SequencePoint vc="0" uspid="135" ordinal="26" sl="135" sc="1" el="135" ec="2" bec="0" bev="0" fileid="2" />
                <SequencePoint vc="0" uspid="136" ordinal="27" sl="136" sc="1" el="136" ec="2" bec="0" bev="0" fileid="2" />
              </SequencePoints>
              <BranchPoints>
                <BranchPoint vc="0" uspid="102" ordinal="0" path="0" offset="10" offsetend="12" sl="102" fileid="2" />
                <BranchPoint vc="0" uspid="102" ordinal="1" path="1" offset="10" offsetend="24" sl="102" fileid="2" />
                <BranchPoint vc="0" uspid="110" ordinal="2" path="0" offset="56" offsetend="58" sl="110" fileid="2" />
                <BranchPoint vc="0" uspid="110" ordinal="3" path="1" offset="56" offsetend="80" sl="110" fileid="2" />
                <BranchPoint vc="0" uspid="120" ordinal="4" path="0" offset="118" offsetend="120" sl="120" fileid="2" />
                <BranchPoint vc="0" uspid="123" ordinal="9" path="1" offset="199" offsetend="135" sl="123" fileid="2" />
                <BranchPoint vc="0" uspid="125" ordinal="6" path="0" offset="145" offsetend="147" sl="125" fileid="2" />
                <BranchPoint vc="0" uspid="125" ordinal="7" path="1" offset="145" offsetend="158" sl="125" fileid="2" />
                <BranchPoint vc="0" uspid="123" ordinal="8" path="0" offset="199" offsetend="201" sl="123" fileid="2" />
                <BranchPoint vc="0" uspid="120" ordinal="5" path="1" offset="118" offsetend="211" sl="120" fileid="2" />
              </BranchPoints>
              <MethodPoint vc="0" uspid="0" p8:type="SequencePoint" ordinal="1" offset="1" sc="0" sl="101" ec="1" el="136" bec="0" bev="0" fileid="2" xmlns:p8="xsi" />
            </Method>
            <Method cyclomaticComplexity="4" nPathComplexity="4" sequenceCoverage="0" branchCoverage="0" isConstructor="False" isGetter="False" isSetter="False" isStatic="True">
              <Summary numSequencePoints="14" visitedSequencePoints="0" numBranchPoints="4" visitedBranchPoints="0" sequenceCoverage="0" branchCoverage="0" maxCyclomaticComplexity="4" minCyclomaticComplexity="4" visitedClasses="0" numClasses="0" visitedMethods="0" numMethods="1" />
              <MetadataToken />
              <Name>System.String Microsoft.AspNetCore.OpenApi.Generated.&lt;OpenApiXmlCommentSupport_generated&gt;FABB1D44FF59C94E19FC7BC37D2096D2BAA3793E11AB26496FCA17F3CBC93D0EC__DocumentationCommentIdHelper::CreateDocumentationId(System.Type,System.String)</Name>
              <FileRef uid="2" />
              <SequencePoints>
                <SequencePoint vc="0" uspid="143" ordinal="0" sl="143" sc="1" el="143" ec="2" bec="0" bev="0" fileid="2" />
                <SequencePoint vc="0" uspid="144" ordinal="1" sl="144" sc="1" el="144" ec="2" bec="2" bev="0" fileid="2" />
                <SequencePoint vc="0" uspid="145" ordinal="2" sl="145" sc="1" el="145" ec="2" bec="0" bev="0" fileid="2" />
                <SequencePoint vc="0" uspid="146" ordinal="3" sl="146" sc="1" el="146" ec="2" bec="0" bev="0" fileid="2" />
                <SequencePoint vc="0" uspid="148" ordinal="4" sl="148" sc="1" el="148" ec="2" bec="2" bev="0" fileid="2" />
                <SequencePoint vc="0" uspid="149" ordinal="5" sl="149" sc="1" el="149" ec="2" bec="0" bev="0" fileid="2" />
                <SequencePoint vc="0" uspid="150" ordinal="6" sl="150" sc="1" el="150" ec="2" bec="0" bev="0" fileid="2" />
                <SequencePoint vc="0" uspid="153" ordinal="7" sl="153" sc="1" el="153" ec="2" bec="0" bev="0" fileid="2" />
                <SequencePoint vc="0" uspid="154" ordinal="8" sl="154" sc="1" el="154" ec="2" bec="0" bev="0" fileid="2" />
                <SequencePoint vc="0" uspid="155" ordinal="9" sl="155" sc="1" el="155" ec="2" bec="0" bev="0" fileid="2" />
                <SequencePoint vc="0" uspid="156" ordinal="10" sl="156" sc="1" el="156" ec="2" bec="0" bev="0" fileid="2" />
                <SequencePoint vc="0" uspid="157" ordinal="11" sl="157" sc="1" el="157" ec="2" bec="0" bev="0" fileid="2" />
                <SequencePoint vc="0" uspid="159" ordinal="12" sl="159" sc="1" el="159" ec="2" bec="0" bev="0" fileid="2" />
                <SequencePoint vc="0" uspid="160" ordinal="13" sl="160" sc="1" el="160" ec="2" bec="0" bev="0" fileid="2" />
              </SequencePoints>
              <BranchPoints>
                <BranchPoint vc="0" uspid="144" ordinal="0" path="0" offset="10" offsetend="12" sl="144" fileid="2" />
                <BranchPoint vc="0" uspid="144" ordinal="1" path="1" offset="10" offsetend="24" sl="144" fileid="2" />
                <BranchPoint vc="0" uspid="148" ordinal="2" path="0" offset="32" offsetend="34" sl="148" fileid="2" />
                <BranchPoint vc="0" uspid="148" ordinal="3" path="1" offset="32" offsetend="51" sl="148" fileid="2" />
              </BranchPoints>
              <MethodPoint vc="0" uspid="0" p8:type="SequencePoint" ordinal="2" offset="2" sc="0" sl="143" ec="1" el="160" bec="0" bev="0" fileid="2" xmlns:p8="xsi" />
            </Method>
            <Method cyclomaticComplexity="18" nPathComplexity="18" sequenceCoverage="0" branchCoverage="0" isConstructor="False" isGetter="False" isSetter="False" isStatic="True">
              <Summary numSequencePoints="44" visitedSequencePoints="0" numBranchPoints="18" visitedBranchPoints="0" sequenceCoverage="0" branchCoverage="0" maxCyclomaticComplexity="18" minCyclomaticComplexity="18" visitedClasses="0" numClasses="0" visitedMethods="0" numMethods="1" />
              <MetadataToken />
              <Name>System.String Microsoft.AspNetCore.OpenApi.Generated.&lt;OpenApiXmlCommentSupport_generated&gt;FABB1D44FF59C94E19FC7BC37D2096D2BAA3793E11AB26496FCA17F3CBC93D0EC__DocumentationCommentIdHelper::CreateDocumentationId(System.Reflection.MethodInfo)</Name>
              <FileRef uid="2" />
              <SequencePoints>
                <SequencePoint vc="0" uspid="169" ordinal="0" sl="169" sc="1" el="169" ec="2" bec="0" bev="0" fileid="2" />
                <SequencePoint vc="0" uspid="170" ordinal="1" sl="170" sc="1" el="170" ec="2" bec="2" bev="0" fileid="2" />
                <SequencePoint vc="0" uspid="171" ordinal="2" sl="171" sc="1" el="171" ec="2" bec="0" bev="0" fileid="2" />
                <SequencePoint vc="0" uspid="172" ordinal="3" sl="172" sc="1" el="172" ec="2" bec="0" bev="0" fileid="2" />
                <SequencePoint vc="0" uspid="175" ordinal="4" sl="175" sc="1" el="175" ec="2" bec="0" bev="0" fileid="2" />
                <SequencePoint vc="0" uspid="176" ordinal="5" sl="176" sc="1" el="176" ec="2" bec="0" bev="0" fileid="2" />
                <SequencePoint vc="0" uspid="179" ordinal="6" sl="179" sc="1" el="179" ec="2" bec="2" bev="0" fileid="2" />
                <SequencePoint vc="0" uspid="180" ordinal="7" sl="180" sc="1" el="180" ec="2" bec="0" bev="0" fileid="2" />
                <SequencePoint vc="0" uspid="181" ordinal="8" sl="181" sc="1" el="181" ec="2" bec="0" bev="0" fileid="2" />
                <SequencePoint vc="0" uspid="182" ordinal="9" sl="182" sc="1" el="182" ec="2" bec="0" bev="0" fileid="2" />
                <SequencePoint vc="0" uspid="184" ordinal="10" sl="184" sc="1" el="184" ec="2" bec="0" bev="0" fileid="2" />
                <SequencePoint vc="0" uspid="187" ordinal="11" sl="187" sc="1" el="187" ec="2" bec="2" bev="0" fileid="2" />
                <SequencePoint vc="0" uspid="188" ordinal="12" sl="188" sc="1" el="188" ec="2" bec="0" bev="0" fileid="2" />
                <SequencePoint vc="0" uspid="189" ordinal="13" sl="189" sc="1" el="189" ec="2" bec="2" bev="0" fileid="2" />
                <SequencePoint vc="0" uspid="190" ordinal="14" sl="190" sc="1" el="190" ec="2" bec="0" bev="0" fileid="2" />
                <SequencePoint vc="0" uspid="192" ordinal="15" sl="192" sc="1" el="192" ec="2" bec="0" bev="0" fileid="2" />
                <SequencePoint vc="0" uspid="193" ordinal="16" sl="193" sc="1" el="193" ec="2" bec="0" bev="0" fileid="2" />
                <SequencePoint vc="0" uspid="194" ordinal="17" sl="194" sc="1" el="194" ec="2" bec="2" bev="0" fileid="2" />
                <SequencePoint vc="0" uspid="195" ordinal="18" sl="195" sc="1" el="195" ec="2" bec="0" bev="0" fileid="2" />
                <SequencePoint vc="0" uspid="196" ordinal="19" sl="196" sc="1" el="196" ec="2" bec="0" bev="0" fileid="2" />
                <SequencePoint vc="0" uspid="197" ordinal="20" sl="197" sc="1" el="197" ec="2" bec="0" bev="0" fileid="2" />
                <SequencePoint vc="0" uspid="198" ordinal="21" sl="198" sc="1" el="198" ec="2" bec="0" bev="0" fileid="2" />
                <SequencePoint vc="0" uspid="199" ordinal="22" sl="199" sc="1" el="199" ec="2" bec="0" bev="0" fileid="2" />
                <SequencePoint vc="0" uspid="202" ordinal="23" sl="202" sc="1" el="202" ec="2" bec="0" bev="0" fileid="2" />
                <SequencePoint vc="0" uspid="203" ordinal="24" sl="203" sc="1" el="203" ec="2" bec="2" bev="0" fileid="2" />
                <SequencePoint vc="0" uspid="204" ordinal="25" sl="204" sc="1" el="204" ec="2" bec="0" bev="0" fileid="2" />
                <SequencePoint vc="0" uspid="205" ordinal="26" sl="205" sc="1" el="205" ec="2" bec="0" bev="0" fileid="2" />
                <SequencePoint vc="0" uspid="206" ordinal="27" sl="206" sc="1" el="206" ec="2" bec="2" bev="0" fileid="2" />
                <SequencePoint vc="0" uspid="207" ordinal="28" sl="207" sc="1" el="207" ec="2" bec="0" bev="0" fileid="2" />
                <SequencePoint vc="0" uspid="208" ordinal="29" sl="208" sc="1" el="208" ec="2" bec="2" bev="0" fileid="2" />
                <SequencePoint vc="0" uspid="209" ordinal="30" sl="209" sc="1" el="209" ec="2" bec="0" bev="0" fileid="2" />
                <SequencePoint vc="0" uspid="210" ordinal="31" sl="210" sc="1" el="210" ec="2" bec="0" bev="0" fileid="2" />
                <SequencePoint vc="0" uspid="211" ordinal="32" sl="211" sc="1" el="211" ec="2" bec="0" bev="0" fileid="2" />
                <SequencePoint vc="0" uspid="214" ordinal="33" sl="214" sc="1" el="214" ec="2" bec="0" bev="0" fileid="2" />
                <SequencePoint vc="0" uspid="215" ordinal="34" sl="215" sc="1" el="215" ec="2" bec="0" bev="0" fileid="2" />
                <SequencePoint vc="0" uspid="216" ordinal="35" sl="216" sc="1" el="216" ec="2" bec="0" bev="0" fileid="2" />
                <SequencePoint vc="0" uspid="217" ordinal="36" sl="217" sc="1" el="217" ec="2" bec="0" bev="0" fileid="2" />
                <SequencePoint vc="0" uspid="220" ordinal="37" sl="220" sc="1" el="220" ec="2" bec="2" bev="0" fileid="2" />
                <SequencePoint vc="0" uspid="221" ordinal="38" sl="221" sc="1" el="221" ec="2" bec="0" bev="0" fileid="2" />
                <SequencePoint vc="0" uspid="222" ordinal="39" sl="222" sc="1" el="222" ec="2" bec="0" bev="0" fileid="2" />
                <SequencePoint vc="0" uspid="224" ordinal="40" sl="224" sc="1" el="224" ec="2" bec="0" bev="0" fileid="2" />
                <SequencePoint vc="0" uspid="225" ordinal="41" sl="225" sc="1" el="225" ec="2" bec="0" bev="0" fileid="2" />
                <SequencePoint vc="0" uspid="227" ordinal="42" sl="227" sc="1" el="227" ec="2" bec="0" bev="0" fileid="2" />
                <SequencePoint vc="0" uspid="228" ordinal="43" sl="228" sc="1" el="228" ec="2" bec="0" bev="0" fileid="2" />
              </SequencePoints>
              <BranchPoints>
                <BranchPoint vc="0" uspid="170" ordinal="0" path="0" offset="10" offsetend="12" sl="170" fileid="2" />
                <BranchPoint vc="0" uspid="170" ordinal="1" path="1" offset="10" offsetend="24" sl="170" fileid="2" />
                <BranchPoint vc="0" uspid="179" ordinal="2" path="0" offset="56" offsetend="58" sl="179" fileid="2" />
                <BranchPoint vc="0" uspid="179" ordinal="3" path="1" offset="56" offsetend="80" sl="179" fileid="2" />
                <BranchPoint vc="0" uspid="187" ordinal="4" path="0" offset="99" offsetend="101" sl="187" fileid="2" />
                <BranchPoint vc="0" uspid="189" ordinal="6" path="0" offset="109" offsetend="111" sl="189" fileid="2" />
                <BranchPoint vc="0" uspid="189" ordinal="7" path="1" offset="109" offsetend="118" sl="189" fileid="2" />
                <BranchPoint vc="0" uspid="187" ordinal="5" path="1" offset="99" offsetend="132" sl="187" fileid="2" />
                <BranchPoint vc="0" uspid="194" ordinal="8" path="0" offset="156" offsetend="158" sl="194" fileid="2" />
                <BranchPoint vc="0" uspid="194" ordinal="9" path="1" offset="156" offsetend="202" sl="194" fileid="2" />
                <BranchPoint vc="0" uspid="203" ordinal="10" path="0" offset="219" offsetend="221" sl="203" fileid="2" />
                <BranchPoint vc="0" uspid="206" ordinal="15" path="1" offset="300" offsetend="236" sl="206" fileid="2" />
                <BranchPoint vc="0" uspid="208" ordinal="12" path="0" offset="246" offsetend="248" sl="208" fileid="2" />
                <BranchPoint vc="0" uspid="208" ordinal="13" path="1" offset="246" offsetend="259" sl="208" fileid="2" />
                <BranchPoint vc="0" uspid="206" ordinal="14" path="0" offset="300" offsetend="302" sl="206" fileid="2" />
                <BranchPoint vc="0" uspid="203" ordinal="11" path="1" offset="219" offsetend="312" sl="203" fileid="2" />
                <BranchPoint vc="0" uspid="220" ordinal="16" path="0" offset="337" offsetend="339" sl="220" fileid="2" />
                <BranchPoint vc="0" uspid="220" ordinal="17" path="1" offset="337" offsetend="370" sl="220" fileid="2" />
              </BranchPoints>
              <MethodPoint vc="0" uspid="0" p8:type="SequencePoint" ordinal="3" offset="3" sc="0" sl="169" ec="1" el="228" bec="0" bev="0" fileid="2" xmlns:p8="xsi" />
            </Method>
            <Method cyclomaticComplexity="28" nPathComplexity="28" sequenceCoverage="0" branchCoverage="0" isConstructor="False" isGetter="False" isSetter="False" isStatic="True">
              <Summary numSequencePoints="53" visitedSequencePoints="0" numBranchPoints="28" visitedBranchPoints="0" sequenceCoverage="0" branchCoverage="0" maxCyclomaticComplexity="28" minCyclomaticComplexity="28" visitedClasses="0" numClasses="0" visitedMethods="0" numMethods="1" />
              <MetadataToken />
              <Name>System.String Microsoft.AspNetCore.OpenApi.Generated.&lt;OpenApiXmlCommentSupport_generated&gt;FABB1D44FF59C94E19FC7BC37D2096D2BAA3793E11AB26496FCA17F3CBC93D0EC__DocumentationCommentIdHelper::GetTypeDocId(System.Type,System.Boolean,System.Boolean)</Name>
              <FileRef uid="2" />
              <SequencePoints>
                <SequencePoint vc="0" uspid="239" ordinal="0" sl="239" sc="1" el="239" ec="2" bec="0" bev="0" fileid="2" />
                <SequencePoint vc="0" uspid="240" ordinal="1" sl="240" sc="1" el="240" ec="2" bec="2" bev="0" fileid="2" />
                <SequencePoint vc="0" uspid="241" ordinal="2" sl="241" sc="1" el="241" ec="2" bec="0" bev="0" fileid="2" />
                <SequencePoint vc="0" uspid="243" ordinal="3" sl="243" sc="1" el="243" ec="2" bec="2" bev="0" fileid="2" />
                <SequencePoint vc="0" uspid="244" ordinal="4" sl="244" sc="1" el="244" ec="2" bec="0" bev="0" fileid="2" />
                <SequencePoint vc="0" uspid="245" ordinal="5" sl="245" sc="1" el="245" ec="2" bec="0" bev="0" fileid="2" />
                <SequencePoint vc="0" uspid="247" ordinal="6" sl="247" sc="1" el="247" ec="2" bec="2" bev="0" fileid="2" />
                <SequencePoint vc="0" uspid="248" ordinal="7" sl="248" sc="1" el="248" ec="2" bec="0" bev="0" fileid="2" />
                <SequencePoint vc="0" uspid="249" ordinal="8" sl="249" sc="1" el="249" ec="2" bec="0" bev="0" fileid="2" />
                <SequencePoint vc="0" uspid="252" ordinal="9" sl="252" sc="1" el="252" ec="2" bec="0" bev="0" fileid="2" />
                <SequencePoint vc="0" uspid="253" ordinal="10" sl="253" sc="1" el="253" ec="2" bec="0" bev="0" fileid="2" />
                <SequencePoint vc="0" uspid="257" ordinal="11" sl="257" sc="1" el="257" ec="2" bec="2" bev="0" fileid="2" />
                <SequencePoint vc="0" uspid="258" ordinal="12" sl="258" sc="1" el="258" ec="2" bec="0" bev="0" fileid="2" />
                <SequencePoint vc="0" uspid="259" ordinal="13" sl="259" sc="1" el="259" ec="2" bec="0" bev="0" fileid="2" />
                <SequencePoint vc="0" uspid="260" ordinal="14" sl="260" sc="1" el="260" ec="2" bec="2" bev="0" fileid="2" />
                <SequencePoint vc="0" uspid="262" ordinal="15" sl="262" sc="1" el="262" ec="2" bec="0" bev="0" fileid="2" />
                <SequencePoint vc="0" uspid="265" ordinal="16" sl="265" sc="1" el="265" ec="2" bec="2" bev="0" fileid="2" />
                <SequencePoint vc="0" uspid="266" ordinal="17" sl="266" sc="1" el="266" ec="2" bec="0" bev="0" fileid="2" />
                <SequencePoint vc="0" uspid="267" ordinal="18" sl="267" sc="1" el="267" ec="2" bec="0" bev="0" fileid="2" />
                <SequencePoint vc="0" uspid="268" ordinal="19" sl="268" sc="1" el="268" ec="2" bec="2" bev="0" fileid="2" />
                <SequencePoint vc="0" uspid="269" ordinal="20" sl="269" sc="1" el="269" ec="2" bec="0" bev="0" fileid="2" />
                <SequencePoint vc="0" uspid="270" ordinal="21" sl="270" sc="1" el="270" ec="2" bec="0" bev="0" fileid="2" />
                <SequencePoint vc="0" uspid="271" ordinal="22" sl="271" sc="1" el="271" ec="2" bec="0" bev="0" fileid="2" />
                <SequencePoint vc="0" uspid="272" ordinal="23" sl="272" sc="1" el="272" ec="2" bec="2" bev="0" fileid="2" />
                <SequencePoint vc="0" uspid="273" ordinal="24" sl="273" sc="1" el="273" ec="2" bec="0" bev="0" fileid="2" />
                <SequencePoint vc="0" uspid="274" ordinal="25" sl="274" sc="1" el="274" ec="2" bec="0" bev="0" fileid="2" />
                <SequencePoint vc="0" uspid="277" ordinal="26" sl="277" sc="1" el="277" ec="2" bec="0" bev="0" fileid="2" />
                <SequencePoint vc="0" uspid="278" ordinal="27" sl="278" sc="1" el="278" ec="2" bec="0" bev="0" fileid="2" />
                <SequencePoint vc="0" uspid="279" ordinal="28" sl="279" sc="1" el="279" ec="2" bec="0" bev="0" fileid="2" />
                <SequencePoint vc="0" uspid="280" ordinal="29" sl="280" sc="1" el="280" ec="2" bec="0" bev="0" fileid="2" />
                <SequencePoint vc="0" uspid="282" ordinal="30" sl="282" sc="1" el="282" ec="2" bec="2" bev="0" fileid="2" />
                <SequencePoint vc="0" uspid="283" ordinal="31" sl="283" sc="1" el="283" ec="2" bec="0" bev="0" fileid="2" />
                <SequencePoint vc="0" uspid="284" ordinal="32" sl="284" sc="1" el="284" ec="2" bec="0" bev="0" fileid="2" />
                <SequencePoint vc="0" uspid="285" ordinal="33" sl="285" sc="1" el="285" ec="2" bec="0" bev="0" fileid="2" />
                <SequencePoint vc="0" uspid="286" ordinal="34" sl="286" sc="1" el="286" ec="2" bec="0" bev="0" fileid="2" />
                <SequencePoint vc="0" uspid="287" ordinal="35" sl="287" sc="1" el="287" ec="2" bec="0" bev="0" fileid="2" />
                <SequencePoint vc="0" uspid="289" ordinal="36" sl="289" sc="1" el="289" ec="2" bec="4" bev="0" fileid="2" />
                <SequencePoint vc="0" uspid="290" ordinal="37" sl="290" sc="1" el="290" ec="2" bec="0" bev="0" fileid="2" />
                <SequencePoint vc="0" uspid="291" ordinal="38" sl="291" sc="1" el="291" ec="2" bec="0" bev="0" fileid="2" />
                <SequencePoint vc="0" uspid="292" ordinal="39" sl="292" sc="1" el="292" ec="2" bec="0" bev="0" fileid="2" />
                <SequencePoint vc="0" uspid="294" ordinal="40" sl="294" sc="1" el="294" ec="2" bec="2" bev="0" fileid="2" />
                <SequencePoint vc="0" uspid="295" ordinal="41" sl="295" sc="1" el="295" ec="2" bec="0" bev="0" fileid="2" />
                <SequencePoint vc="0" uspid="296" ordinal="42" sl="296" sc="1" el="296" ec="2" bec="2" bev="0" fileid="2" />
                <SequencePoint vc="0" uspid="297" ordinal="43" sl="297" sc="1" el="297" ec="2" bec="0" bev="0" fileid="2" />
                <SequencePoint vc="0" uspid="298" ordinal="44" sl="298" sc="1" el="298" ec="2" bec="0" bev="0" fileid="2" />
                <SequencePoint vc="0" uspid="299" ordinal="45" sl="299" sc="1" el="299" ec="2" bec="0" bev="0" fileid="2" />
                <SequencePoint vc="0" uspid="301" ordinal="46" sl="301" sc="1" el="301" ec="2" bec="0" bev="0" fileid="2" />
                <SequencePoint vc="0" uspid="302" ordinal="47" sl="302" sc="1" el="302" ec="2" bec="0" bev="0" fileid="2" />
                <SequencePoint vc="0" uspid="304" ordinal="48" sl="304" sc="1" el="304" ec="2" bec="0" bev="0" fileid="2" />
                <SequencePoint vc="0" uspid="305" ordinal="49" sl="305" sc="1" el="305" ec="2" bec="0" bev="0" fileid="2" />
                <SequencePoint vc="0" uspid="307" ordinal="50" sl="307" sc="1" el="307" ec="2" bec="0" bev="0" fileid="2" />
                <SequencePoint vc="0" uspid="311" ordinal="51" sl="311" sc="1" el="311" ec="2" bec="2" bev="0" fileid="2" />
                <SequencePoint vc="0" uspid="312" ordinal="52" sl="312" sc="1" el="312" ec="2" bec="0" bev="0" fileid="2" />
              </SequencePoints>
              <BranchPoints>
                <BranchPoint vc="0" uspid="240" ordinal="0" path="0" offset="9" offsetend="11" sl="240" fileid="2" />
                <BranchPoint vc="0" uspid="243" ordinal="2" path="0" offset="26" offsetend="28" sl="243" fileid="2" />
                <BranchPoint vc="0" uspid="243" ordinal="3" path="1" offset="26" offsetend="59" sl="243" fileid="2" />
                <BranchPoint vc="0" uspid="247" ordinal="4" path="0" offset="75" offsetend="77" sl="247" fileid="2" />
                <BranchPoint vc="0" uspid="247" ordinal="5" path="1" offset="75" offsetend="108" sl="247" fileid="2" />
                <BranchPoint vc="0" uspid="240" ordinal="1" path="1" offset="9" offsetend="121" sl="240" fileid="2" />
                <BranchPoint vc="0" uspid="257" ordinal="6" path="0" offset="131" offsetend="136" sl="257" fileid="2" />
                <BranchPoint vc="0" uspid="260" ordinal="8" path="0" offset="153" offsetend="155" sl="260" fileid="2" />
                <BranchPoint vc="0" uspid="260" ordinal="9" path="1" offset="153" offsetend="163" sl="260" fileid="2" />
                <BranchPoint vc="0" uspid="265" ordinal="15" path="1" offset="271" offsetend="184" sl="265" fileid="2" />
                <BranchPoint vc="0" uspid="268" ordinal="10" path="0" offset="206" offsetend="208" sl="268" fileid="2" />
                <BranchPoint vc="0" uspid="268" ordinal="11" path="1" offset="206" offsetend="222" sl="268" fileid="2" />
                <BranchPoint vc="0" uspid="272" ordinal="12" path="0" offset="232" offsetend="234" sl="272" fileid="2" />
                <BranchPoint vc="0" uspid="272" ordinal="13" path="1" offset="232" offsetend="237" sl="272" fileid="2" />
                <BranchPoint vc="0" uspid="265" ordinal="14" path="0" offset="271" offsetend="273" sl="265" fileid="2" />
                <BranchPoint vc="0" uspid="282" ordinal="16" path="0" offset="281" offsetend="283" sl="282" fileid="2" />
                <BranchPoint vc="0" uspid="282" ordinal="17" path="1" offset="281" offsetend="331" sl="282" fileid="2" />
                <BranchPoint vc="0" uspid="289" ordinal="18" path="0" offset="332" offsetend="334" sl="289" fileid="2" />
                <BranchPoint vc="0" uspid="289" ordinal="19" path="1" offset="332" offsetend="345" sl="289" fileid="2" />
                <BranchPoint vc="0" uspid="289" ordinal="20" path="0" offset="350" offsetend="352" sl="289" fileid="2" />
                <BranchPoint vc="0" uspid="294" ordinal="25" path="1" offset="439" offsetend="376" sl="294" fileid="2" />
                <BranchPoint vc="0" uspid="296" ordinal="22" path="0" offset="386" offsetend="388" sl="296" fileid="2" />
                <BranchPoint vc="0" uspid="296" ordinal="23" path="1" offset="386" offsetend="400" sl="296" fileid="2" />
                <BranchPoint vc="0" uspid="294" ordinal="24" path="0" offset="439" offsetend="441" sl="294" fileid="2" />
                <BranchPoint vc="0" uspid="289" ordinal="21" path="1" offset="350" offsetend="452" sl="289" fileid="2" />
                <BranchPoint vc="0" uspid="257" ordinal="7" path="1" offset="131" offsetend="462" sl="257" fileid="2" />
                <BranchPoint vc="0" uspid="311" ordinal="26" path="0" offset="469" offsetend="471" sl="311" fileid="2" />
                <BranchPoint vc="0" uspid="311" ordinal="27" path="1" offset="469" offsetend="478" sl="311" fileid="2" />
              </BranchPoints>
              <MethodPoint vc="0" uspid="0" p8:type="SequencePoint" ordinal="4" offset="4" sc="0" sl="239" ec="1" el="312" bec="0" bev="0" fileid="2" xmlns:p8="xsi" />
            </Method>
            <Method cyclomaticComplexity="6" nPathComplexity="6" sequenceCoverage="0" branchCoverage="0" isConstructor="False" isGetter="False" isSetter="False" isStatic="True">
              <Summary numSequencePoints="10" visitedSequencePoints="0" numBranchPoints="6" visitedBranchPoints="0" sequenceCoverage="0" branchCoverage="0" maxCyclomaticComplexity="6" minCyclomaticComplexity="6" visitedClasses="0" numClasses="0" visitedMethods="0" numMethods="1" />
              <MetadataToken />
              <Name>System.String Microsoft.AspNetCore.OpenApi.Generated.&lt;OpenApiXmlCommentSupport_generated&gt;FABB1D44FF59C94E19FC7BC37D2096D2BAA3793E11AB26496FCA17F3CBC93D0EC__DocumentationCommentIdHelper::NormalizeDocId(System.String)</Name>
              <FileRef uid="2" />
              <SequencePoints>
                <SequencePoint vc="0" uspid="321" ordinal="0" sl="321" sc="1" el="321" ec="2" bec="0" bev="0" fileid="2" />
                <SequencePoint vc="0" uspid="323" ordinal="1" sl="323" sc="1" el="323" ec="2" bec="0" bev="0" fileid="2" />
                <SequencePoint vc="0" uspid="324" ordinal="2" sl="324" sc="1" el="324" ec="2" bec="2" bev="0" fileid="2" />
                <SequencePoint vc="0" uspid="325" ordinal="3" sl="325" sc="1" el="325" ec="2" bec="0" bev="0" fileid="2" />
                <SequencePoint vc="0" uspid="327" ordinal="4" sl="327" sc="1" el="327" ec="2" bec="0" bev="0" fileid="2" />
                <SequencePoint vc="0" uspid="332" ordinal="5" sl="332" sc="1" el="332" ec="2" bec="4" bev="0" fileid="2" />
                <SequencePoint vc="0" uspid="333" ordinal="6" sl="333" sc="1" el="333" ec="2" bec="0" bev="0" fileid="2" />
                <SequencePoint vc="0" uspid="334" ordinal="7" sl="334" sc="1" el="334" ec="2" bec="0" bev="0" fileid="2" />
                <SequencePoint vc="0" uspid="338" ordinal="8" sl="338" sc="1" el="338" ec="2" bec="0" bev="0" fileid="2" />
                <SequencePoint vc="0" uspid="339" ordinal="9" sl="339" sc="1" el="339" ec="2" bec="0" bev="0" fileid="2" />
              </SequencePoints>
              <BranchPoints>
                <BranchPoint vc="0" uspid="324" ordinal="0" path="0" offset="16" offsetend="18" sl="324" fileid="2" />
                <BranchPoint vc="0" uspid="324" ordinal="1" path="1" offset="16" offsetend="23" sl="324" fileid="2" />
                <BranchPoint vc="0" uspid="332" ordinal="2" path="0" offset="34" offsetend="36" sl="332" fileid="2" />
                <BranchPoint vc="0" uspid="332" ordinal="3" path="1" offset="34" offsetend="49" sl="332" fileid="2" />
                <BranchPoint vc="0" uspid="332" ordinal="4" path="0" offset="52" offsetend="54" sl="332" fileid="2" />
                <BranchPoint vc="0" uspid="332" ordinal="5" path="1" offset="52" offsetend="59" sl="332" fileid="2" />
              </BranchPoints>
              <MethodPoint vc="0" uspid="0" p8:type="SequencePoint" ordinal="5" offset="5" sc="0" sl="321" ec="1" el="339" bec="0" bev="0" fileid="2" xmlns:p8="xsi" />
            </Method>
          </Methods>
        </Class>
        <Class>
          <Summary numSequencePoints="142" visitedSequencePoints="0" numBranchPoints="100" visitedBranchPoints="0" sequenceCoverage="0" branchCoverage="0" maxCyclomaticComplexity="94" minCyclomaticComplexity="6" visitedClasses="0" numClasses="1" visitedMethods="0" numMethods="2" />
          <FullName>Microsoft.AspNetCore.OpenApi.Generated.&lt;OpenApiXmlCommentSupport_generated&gt;FABB1D44FF59C94E19FC7BC37D2096D2BAA3793E11AB26496FCA17F3CBC93D0EC__XmlCommentOperationTransformer</FullName>
          <Methods>
            <Method cyclomaticComplexity="94" nPathComplexity="94" sequenceCoverage="0" branchCoverage="0" isConstructor="False" isGetter="False" isSetter="False" isStatic="True">
              <Summary numSequencePoints="128" visitedSequencePoints="0" numBranchPoints="94" visitedBranchPoints="0" sequenceCoverage="0" branchCoverage="0" maxCyclomaticComplexity="94" minCyclomaticComplexity="94" visitedClasses="0" numClasses="0" visitedMethods="0" numMethods="1" />
              <MetadataToken />
              <Name>System.Threading.Tasks.Task Microsoft.AspNetCore.OpenApi.Generated.&lt;OpenApiXmlCommentSupport_generated&gt;FABB1D44FF59C94E19FC7BC37D2096D2BAA3793E11AB26496FCA17F3CBC93D0EC__XmlCommentOperationTransformer::TransformAsync(Microsoft.OpenApi.OpenApiOperation,Microsoft.AspNetCore.OpenApi.OpenApiOperationTransformerContext,System.Threading.CancellationToken)</Name>
              <FileRef uid="2" />
              <SequencePoints>
                <SequencePoint vc="0" uspid="346" ordinal="0" sl="346" sc="1" el="346" ec="2" bec="0" bev="0" fileid="2" />
                <SequencePoint vc="0" uspid="347" ordinal="1" sl="347" sc="1" el="347" ec="2" bec="2" bev="0" fileid="2" />
                <SequencePoint vc="0" uspid="348" ordinal="2" sl="348" sc="1" el="348" ec="2" bec="0" bev="0" fileid="2" />
                <SequencePoint vc="0" uspid="349" ordinal="3" sl="349" sc="1" el="349" ec="2" bec="0" bev="0" fileid="2" />
                <SequencePoint vc="0" uspid="351" ordinal="4" sl="351" sc="1" el="351" ec="2" bec="2" bev="0" fileid="2" />
                <SequencePoint vc="0" uspid="352" ordinal="5" sl="352" sc="1" el="352" ec="2" bec="0" bev="0" fileid="2" />
                <SequencePoint vc="0" uspid="353" ordinal="6" sl="353" sc="1" el="353" ec="2" bec="0" bev="0" fileid="2" />
                <SequencePoint vc="0" uspid="355" ordinal="7" sl="355" sc="1" el="355" ec="2" bec="2" bev="0" fileid="2" />
                <SequencePoint vc="0" uspid="356" ordinal="8" sl="356" sc="1" el="356" ec="2" bec="0" bev="0" fileid="2" />
                <SequencePoint vc="0" uspid="357" ordinal="9" sl="357" sc="1" el="357" ec="2" bec="2" bev="0" fileid="2" />
                <SequencePoint vc="0" uspid="358" ordinal="10" sl="358" sc="1" el="358" ec="2" bec="0" bev="0" fileid="2" />
                <SequencePoint vc="0" uspid="359" ordinal="11" sl="359" sc="1" el="359" ec="2" bec="0" bev="0" fileid="2" />
                <SequencePoint vc="0" uspid="360" ordinal="12" sl="360" sc="1" el="360" ec="2" bec="0" bev="0" fileid="2" />
                <SequencePoint vc="0" uspid="361" ordinal="13" sl="361" sc="1" el="361" ec="2" bec="2" bev="0" fileid="2" />
                <SequencePoint vc="0" uspid="362" ordinal="14" sl="362" sc="1" el="362" ec="2" bec="0" bev="0" fileid="2" />
                <SequencePoint vc="0" uspid="363" ordinal="15" sl="363" sc="1" el="363" ec="2" bec="0" bev="0" fileid="2" />
                <SequencePoint vc="0" uspid="364" ordinal="16" sl="364" sc="1" el="364" ec="2" bec="0" bev="0" fileid="2" />
                <SequencePoint vc="0" uspid="365" ordinal="17" sl="365" sc="1" el="365" ec="2" bec="2" bev="0" fileid="2" />
                <SequencePoint vc="0" uspid="366" ordinal="18" sl="366" sc="1" el="366" ec="2" bec="0" bev="0" fileid="2" />
                <SequencePoint vc="0" uspid="367" ordinal="19" sl="367" sc="1" el="367" ec="2" bec="0" bev="0" fileid="2" />
                <SequencePoint vc="0" uspid="368" ordinal="20" sl="368" sc="1" el="368" ec="2" bec="0" bev="0" fileid="2" />
                <SequencePoint vc="0" uspid="369" ordinal="21" sl="369" sc="1" el="369" ec="2" bec="4" bev="0" fileid="2" />
                <SequencePoint vc="0" uspid="370" ordinal="22" sl="370" sc="1" el="370" ec="2" bec="0" bev="0" fileid="2" />
                <SequencePoint vc="0" uspid="371" ordinal="23" sl="371" sc="1" el="371" ec="2" bec="2" bev="0" fileid="2" />
                <SequencePoint vc="0" uspid="372" ordinal="24" sl="372" sc="1" el="372" ec="2" bec="0" bev="0" fileid="2" />
                <SequencePoint vc="0" uspid="373" ordinal="25" sl="373" sc="1" el="373" ec="2" bec="0" bev="0" fileid="2" />
                <SequencePoint vc="0" uspid="374" ordinal="26" sl="374" sc="1" el="374" ec="2" bec="2" bev="0" fileid="2" />
                <SequencePoint vc="0" uspid="375" ordinal="27" sl="375" sc="1" el="375" ec="2" bec="2" bev="0" fileid="2" />
                <SequencePoint vc="0" uspid="376" ordinal="28" sl="376" sc="1" el="376" ec="2" bec="0" bev="0" fileid="2" />
                <SequencePoint vc="0" uspid="377" ordinal="29" sl="377" sc="1" el="377" ec="2" bec="0" bev="0" fileid="2" />
                <SequencePoint vc="0" uspid="378" ordinal="30" sl="378" sc="1" el="378" ec="2" bec="0" bev="0" fileid="2" />
                <SequencePoint vc="0" uspid="379" ordinal="31" sl="379" sc="1" el="379" ec="2" bec="2" bev="0" fileid="2" />
                <SequencePoint vc="0" uspid="380" ordinal="32" sl="380" sc="1" el="380" ec="2" bec="0" bev="0" fileid="2" />
                <SequencePoint vc="0" uspid="381" ordinal="33" sl="381" sc="1" el="381" ec="2" bec="0" bev="0" fileid="2" />
                <SequencePoint vc="0" uspid="382" ordinal="34" sl="382" sc="1" el="382" ec="2" bec="0" bev="0" fileid="2" />
                <SequencePoint vc="0" uspid="383" ordinal="35" sl="383" sc="1" el="383" ec="2" bec="0" bev="0" fileid="2" />
                <SequencePoint vc="0" uspid="384" ordinal="36" sl="384" sc="1" el="384" ec="2" bec="0" bev="0" fileid="2" />
                <SequencePoint vc="0" uspid="386" ordinal="37" sl="386" sc="1" el="386" ec="2" bec="0" bev="0" fileid="2" />
                <SequencePoint vc="0" uspid="387" ordinal="38" sl="387" sc="1" el="387" ec="2" bec="0" bev="0" fileid="2" />
                <SequencePoint vc="0" uspid="388" ordinal="39" sl="388" sc="1" el="388" ec="2" bec="2" bev="0" fileid="2" />
                <SequencePoint vc="0" uspid="389" ordinal="40" sl="389" sc="1" el="389" ec="2" bec="0" bev="0" fileid="2" />
                <SequencePoint vc="0" uspid="390" ordinal="41" sl="390" sc="1" el="390" ec="2" bec="0" bev="0" fileid="2" />
                <SequencePoint vc="0" uspid="391" ordinal="42" sl="391" sc="1" el="391" ec="2" bec="2" bev="0" fileid="2" />
                <SequencePoint vc="0" uspid="392" ordinal="43" sl="392" sc="1" el="392" ec="2" bec="0" bev="0" fileid="2" />
[...]
              <MetadataToken />
              <Name>System.Guid OficinaMecanica.Api.Application.DTOs.ServicoResponseDto::get_Id()</Name>
              <FileRef uid="56" />
              <SequencePoints>
                <SequencePoint vc="60" uspid="5" ordinal="0" sl="5" sc="1" el="5" ec="2" bec="0" bev="0" fileid="56" />
              </SequencePoints>
              <BranchPoints />
              <MethodPoint vc="1" uspid="0" p8:type="SequencePoint" ordinal="0" offset="0" sc="0" sl="5" ec="1" el="5" bec="0" bev="0" fileid="56" xmlns:p8="xsi" />
            </Method>
            <Method cyclomaticComplexity="1" nPathComplexity="1" sequenceCoverage="100" branchCoverage="100" isConstructor="False" isGetter="True" isSetter="False" isStatic="True">
              <Summary numSequencePoints="1" visitedSequencePoints="1" numBranchPoints="0" visitedBranchPoints="0" sequenceCoverage="100" branchCoverage="100" maxCyclomaticComplexity="1" minCyclomaticComplexity="1" visitedClasses="0" numClasses="0" visitedMethods="1" numMethods="1" />
              <MetadataToken />
              <Name>System.String OficinaMecanica.Api.Application.DTOs.ServicoResponseDto::get_Nome()</Name>
              <FileRef uid="56" />
              <SequencePoints>
                <SequencePoint vc="63" uspid="6" ordinal="0" sl="6" sc="1" el="6" ec="2" bec="0" bev="0" fileid="56" />
              </SequencePoints>
              <BranchPoints />
              <MethodPoint vc="1" uspid="0" p8:type="SequencePoint" ordinal="1" offset="1" sc="0" sl="6" ec="1" el="6" bec="0" bev="0" fileid="56" xmlns:p8="xsi" />
            </Method>
            <Method cyclomaticComplexity="1" nPathComplexity="1" sequenceCoverage="100" branchCoverage="100" isConstructor="False" isGetter="True" isSetter="False" isStatic="True">
              <Summary numSequencePoints="1" visitedSequencePoints="1" numBranchPoints="0" visitedBranchPoints="0" sequenceCoverage="100" branchCoverage="100" maxCyclomaticComplexity="1" minCyclomaticComplexity="1" visitedClasses="0" numClasses="0" visitedMethods="1" numMethods="1" />
              <MetadataToken />
              <Name>System.String OficinaMecanica.Api.Application.DTOs.ServicoResponseDto::get_Descricao()</Name>
              <FileRef uid="56" />
              <SequencePoints>
                <SequencePoint vc="63" uspid="7" ordinal="0" sl="7" sc="1" el="7" ec="2" bec="0" bev="0" fileid="56" />
              </SequencePoints>
              <BranchPoints />
              <MethodPoint vc="1" uspid="0" p8:type="SequencePoint" ordinal="2" offset="2" sc="0" sl="7" ec="1" el="7" bec="0" bev="0" fileid="56" xmlns:p8="xsi" />
            </Method>
            <Method cyclomaticComplexity="1" nPathComplexity="1" sequenceCoverage="100" branchCoverage="100" isConstructor="False" isGetter="True" isSetter="False" isStatic="True">
              <Summary numSequencePoints="1" visitedSequencePoints="1" numBranchPoints="0" visitedBranchPoints="0" sequenceCoverage="100" branchCoverage="100" maxCyclomaticComplexity="1" minCyclomaticComplexity="1" visitedClasses="0" numClasses="0" visitedMethods="1" numMethods="1" />
              <MetadataToken />
              <Name>System.Decimal OficinaMecanica.Api.Application.DTOs.ServicoResponseDto::get_Preco()</Name>
              <FileRef uid="56" />
              <SequencePoints>
                <SequencePoint vc="38" uspid="8" ordinal="0" sl="8" sc="1" el="8" ec="2" bec="0" bev="0" fileid="56" />
              </SequencePoints>
              <BranchPoints />
              <MethodPoint vc="1" uspid="0" p8:type="SequencePoint" ordinal="3" offset="3" sc="0" sl="8" ec="1" el="8" bec="0" bev="0" fileid="56" xmlns:p8="xsi" />
            </Method>
          </Methods>
        </Class>
        <Class>
          <Summary numSequencePoints="3" visitedSequencePoints="3" numBranchPoints="0" visitedBranchPoints="0" sequenceCoverage="100" branchCoverage="100" maxCyclomaticComplexity="1" minCyclomaticComplexity="1" visitedClasses="1" numClasses="1" visitedMethods="3" numMethods="3" />
          <FullName>OficinaMecanica.Api.Application.DTOs.TempoMedioExecucaoResponseDto</FullName>
          <Methods>
            <Method cyclomaticComplexity="1" nPathComplexity="1" sequenceCoverage="100" branchCoverage="100" isConstructor="False" isGetter="True" isSetter="False" isStatic="True">
              <Summary numSequencePoints="1" visitedSequencePoints="1" numBranchPoints="0" visitedBranchPoints="0" sequenceCoverage="100" branchCoverage="100" maxCyclomaticComplexity="1" minCyclomaticComplexity="1" visitedClasses="0" numClasses="0" visitedMethods="1" numMethods="1" />
              <MetadataToken />
              <Name>System.Int32 OficinaMecanica.Api.Application.DTOs.TempoMedioExecucaoResponseDto::get_QuantidadeOrdensConsideradas()</Name>
              <FileRef uid="57" />
              <SequencePoints>
                <SequencePoint vc="4" uspid="5" ordinal="0" sl="5" sc="1" el="5" ec="2" bec="0" bev="0" fileid="57" />
              </SequencePoints>
              <BranchPoints />
              <MethodPoint vc="1" uspid="0" p8:type="SequencePoint" ordinal="0" offset="0" sc="0" sl="5" ec="1" el="5" bec="0" bev="0" fileid="57" xmlns:p8="xsi" />
            </Method>
            <Method cyclomaticComplexity="1" nPathComplexity="1" sequenceCoverage="100" branchCoverage="100" isConstructor="False" isGetter="True" isSetter="False" isStatic="True">
              <Summary numSequencePoints="1" visitedSequencePoints="1" numBranchPoints="0" visitedBranchPoints="0" sequenceCoverage="100" branchCoverage="100" maxCyclomaticComplexity="1" minCyclomaticComplexity="1" visitedClasses="0" numClasses="0" visitedMethods="1" numMethods="1" />
              <MetadataToken />
              <Name>System.Double OficinaMecanica.Api.Application.DTOs.TempoMedioExecucaoResponseDto::get_TempoMedioExecucaoEmMinutos()</Name>
              <FileRef uid="57" />
              <SequencePoints>
                <SequencePoint vc="4" uspid="6" ordinal="0" sl="6" sc="1" el="6" ec="2" bec="0" bev="0" fileid="57" />
              </SequencePoints>
              <BranchPoints />
              <MethodPoint vc="1" uspid="0" p8:type="SequencePoint" ordinal="1" offset="1" sc="0" sl="6" ec="1" el="6" bec="0" bev="0" fileid="57" xmlns:p8="xsi" />
            </Method>
            <Method cyclomaticComplexity="1" nPathComplexity="1" sequenceCoverage="100" branchCoverage="100" isConstructor="False" isGetter="True" isSetter="False" isStatic="True">
              <Summary numSequencePoints="1" visitedSequencePoints="1" numBranchPoints="0" visitedBranchPoints="0" sequenceCoverage="100" branchCoverage="100" maxCyclomaticComplexity="1" minCyclomaticComplexity="1" visitedClasses="0" numClasses="0" visitedMethods="1" numMethods="1" />
              <MetadataToken />
              <Name>System.String OficinaMecanica.Api.Application.DTOs.TempoMedioExecucaoResponseDto::get_TempoMedioExecucaoFormatado()</Name>
              <FileRef uid="57" />
              <SequencePoints>
                <SequencePoint vc="5" uspid="7" ordinal="0" sl="7" sc="1" el="7" ec="2" bec="0" bev="0" fileid="57" />
              </SequencePoints>
              <BranchPoints />
              <MethodPoint vc="1" uspid="0" p8:type="SequencePoint" ordinal="2" offset="2" sc="0" sl="7" ec="1" el="7" bec="0" bev="0" fileid="57" xmlns:p8="xsi" />
            </Method>
          </Methods>
        </Class>
        <Class>
          <Summary numSequencePoints="5" visitedSequencePoints="5" numBranchPoints="0" visitedBranchPoints="0" sequenceCoverage="100" branchCoverage="100" maxCyclomaticComplexity="1" minCyclomaticComplexity="1" visitedClasses="1" numClasses="1" visitedMethods="5" numMethods="5" />
          <FullName>OficinaMecanica.Api.Application.DTOs.VeiculoRequestDto</FullName>
          <Methods>
            <Method cyclomaticComplexity="1" nPathComplexity="1" sequenceCoverage="100" branchCoverage="100" isConstructor="False" isGetter="True" isSetter="False" isStatic="True">
              <Summary numSequencePoints="1" visitedSequencePoints="1" numBranchPoints="0" visitedBranchPoints="0" sequenceCoverage="100" branchCoverage="100" maxCyclomaticComplexity="1" minCyclomaticComplexity="1" visitedClasses="0" numClasses="0" visitedMethods="1" numMethods="1" />
              <MetadataToken />
              <Name>System.Guid OficinaMecanica.Api.Application.DTOs.VeiculoRequestDto::get_ClienteId()</Name>
              <FileRef uid="58" />
              <SequencePoints>
                <SequencePoint vc="86" uspid="9" ordinal="0" sl="9" sc="1" el="9" ec="2" bec="0" bev="0" fileid="58" />
              </SequencePoints>
              <BranchPoints />
              <MethodPoint vc="1" uspid="0" p8:type="SequencePoint" ordinal="0" offset="0" sc="0" sl="9" ec="1" el="9" bec="0" bev="0" fileid="58" xmlns:p8="xsi" />
            </Method>
            <Method cyclomaticComplexity="1" nPathComplexity="1" sequenceCoverage="100" branchCoverage="100" isConstructor="False" isGetter="True" isSetter="False" isStatic="True">
              <Summary numSequencePoints="1" visitedSequencePoints="1" numBranchPoints="0" visitedBranchPoints="0" sequenceCoverage="100" branchCoverage="100" maxCyclomaticComplexity="1" minCyclomaticComplexity="1" visitedClasses="0" numClasses="0" visitedMethods="1" numMethods="1" />
              <MetadataToken />
              <Name>System.String OficinaMecanica.Api.Application.DTOs.VeiculoRequestDto::get_Placa()</Name>
              <FileRef uid="58" />
              <SequencePoints>
                <SequencePoint vc="115" uspid="12" ordinal="0" sl="12" sc="1" el="12" ec="2" bec="0" bev="0" fileid="58" />
              </SequencePoints>
              <BranchPoints />
              <MethodPoint vc="1" uspid="0" p8:type="SequencePoint" ordinal="1" offset="1" sc="0" sl="12" ec="1" el="12" bec="0" bev="0" fileid="58" xmlns:p8="xsi" />
            </Method>
            <Method cyclomaticComplexity="1" nPathComplexity="1" sequenceCoverage="100" branchCoverage="100" isConstructor="False" isGetter="True" isSetter="False" isStatic="True">
              <Summary numSequencePoints="1" visitedSequencePoints="1" numBranchPoints="0" visitedBranchPoints="0" sequenceCoverage="100" branchCoverage="100" maxCyclomaticComplexity="1" minCyclomaticComplexity="1" visitedClasses="0" numClasses="0" visitedMethods="1" numMethods="1" />
              <MetadataToken />
              <Name>System.String OficinaMecanica.Api.Application.DTOs.VeiculoRequestDto::get_Marca()</Name>
              <FileRef uid="58" />
              <SequencePoints>
                <SequencePoint vc="101" uspid="16" ordinal="0" sl="16" sc="1" el="16" ec="2" bec="0" bev="0" fileid="58" />
              </SequencePoints>
              <BranchPoints />
              <MethodPoint vc="1" uspid="0" p8:type="SequencePoint" ordinal="2" offset="2" sc="0" sl="16" ec="1" el="16" bec="0" bev="0" fileid="58" xmlns:p8="xsi" />
            </Method>
            <Method cyclomaticComplexity="1" nPathComplexity="1" sequenceCoverage="100" branchCoverage="100" isConstructor="False" isGetter="True" isSetter="False" isStatic="True">
              <Summary numSequencePoints="1" visitedSequencePoints="1" numBranchPoints="0" visitedBranchPoints="0" sequenceCoverage="100" branchCoverage="100" maxCyclomaticComplexity="1" minCyclomaticComplexity="1" visitedClasses="0" numClasses="0" visitedMethods="1" numMethods="1" />
              <MetadataToken />
              <Name>System.String OficinaMecanica.Api.Application.DTOs.VeiculoRequestDto::get_Modelo()</Name>
              <FileRef uid="58" />
              <SequencePoints>
                <SequencePoint vc="101" uspid="20" ordinal="0" sl="20" sc="1" el="20" ec="2" bec="0" bev="0" fileid="58" />
              </SequencePoints>
              <BranchPoints />
              <MethodPoint vc="1" uspid="0" p8:type="SequencePoint" ordinal="3" offset="3" sc="0" sl="20" ec="1" el="20" bec="0" bev="0" fileid="58" xmlns:p8="xsi" />
            </Method>
            <Method cyclomaticComplexity="1" nPathComplexity="1" sequenceCoverage="100" branchCoverage="100" isConstructor="False" isGetter="True" isSetter="False" isStatic="True">
              <Summary numSequencePoints="1" visitedSequencePoints="1" numBranchPoints="0" visitedBranchPoints="0" sequenceCoverage="100" branchCoverage="100" maxCyclomaticComplexity="1" minCyclomaticComplexity="1" visitedClasses="0" numClasses="0" visitedMethods="1" numMethods="1" />
              <MetadataToken />
              <Name>System.Int32 OficinaMecanica.Api.Application.DTOs.VeiculoRequestDto::get_Ano()</Name>
              <FileRef uid="58" />
              <SequencePoints>
                <SequencePoint vc="72" uspid="23" ordinal="0" sl="23" sc="1" el="23" ec="2" bec="0" bev="0" fileid="58" />
              </SequencePoints>
              <BranchPoints />
              <MethodPoint vc="1" uspid="0" p8:type="SequencePoint" ordinal="4" offset="4" sc="0" sl="23" ec="1" el="23" bec="0" bev="0" fileid="58" xmlns:p8="xsi" />
            </Method>
          </Methods>
        </Class>
        <Class>
          <Summary numSequencePoints="6" visitedSequencePoints="6" numBranchPoints="0" visitedBranchPoints="0" sequenceCoverage="100" branchCoverage="100" maxCyclomaticComplexity="1" minCyclomaticComplexity="1" visitedClasses="1" numClasses="1" visitedMethods="6" numMethods="6" />
          <FullName>OficinaMecanica.Api.Application.DTOs.VeiculoResponseDto</FullName>
          <Methods>
            <Method cyclomaticComplexity="1" nPathComplexity="1" sequenceCoverage="100" branchCoverage="100" isConstructor="False" isGetter="True" isSetter="False" isStatic="True">
              <Summary numSequencePoints="1" visitedSequencePoints="1" numBranchPoints="0" visitedBranchPoints="0" sequenceCoverage="100" branchCoverage="100" maxCyclomaticComplexity="1" minCyclomaticComplexity="1" visitedClasses="0" numClasses="0" visitedMethods="1" numMethods="1" />
              <MetadataToken />
              <Name>System.Guid OficinaMecanica.Api.Application.DTOs.VeiculoResponseDto::get_Id()</Name>
              <FileRef uid="59" />
              <SequencePoints>
                <SequencePoint vc="63" uspid="5" ordinal="0" sl="5" sc="1" el="5" ec="2" bec="0" bev="0" fileid="59" />
              </SequencePoints>
              <BranchPoints />
              <MethodPoint vc="1" uspid="0" p8:type="SequencePoint" ordinal="0" offset="0" sc="0" sl="5" ec="1" el="5" bec="0" bev="0" fileid="59" xmlns:p8="xsi" />
            </Method>
            <Method cyclomaticComplexity="1" nPathComplexity="1" sequenceCoverage="100" branchCoverage="100" isConstructor="False" isGetter="True" isSetter="False" isStatic="True">
              <Summary numSequencePoints="1" visitedSequencePoints="1" numBranchPoints="0" visitedBranchPoints="0" sequenceCoverage="100" branchCoverage="100" maxCyclomaticComplexity="1" minCyclomaticComplexity="1" visitedClasses="0" numClasses="0" visitedMethods="1" numMethods="1" />
              <MetadataToken />
              <Name>System.Guid OficinaMecanica.Api.Application.DTOs.VeiculoResponseDto::get_ClienteId()</Name>
              <FileRef uid="59" />
              <SequencePoints>
                <SequencePoint vc="38" uspid="6" ordinal="0" sl="6" sc="1" el="6" ec="2" bec="0" bev="0" fileid="59" />
              </SequencePoints>
              <BranchPoints />
              <MethodPoint vc="1" uspid="0" p8:type="SequencePoint" ordinal="1" offset="1" sc="0" sl="6" ec="1" el="6" bec="0" bev="0" fileid="59" xmlns:p8="xsi" />
            </Method>
            <Method cyclomaticComplexity="1" nPathComplexity="1" sequenceCoverage="100" branchCoverage="100" isConstructor="False" isGetter="True" isSetter="False" isStatic="True">
              <Summary numSequencePoints="1" visitedSequencePoints="1" numBranchPoints="0" visitedBranchPoints="0" sequenceCoverage="100" branchCoverage="100" maxCyclomaticComplexity="1" minCyclomaticComplexity="1" visitedClasses="0" numClasses="0" visitedMethods="1" numMethods="1" />
              <MetadataToken />
              <Name>System.String OficinaMecanica.Api.Application.DTOs.VeiculoResponseDto::get_Placa()</Name>
              <FileRef uid="59" />
              <SequencePoints>
                <SequencePoint vc="63" uspid="7" ordinal="0" sl="7" sc="1" el="7" ec="2" bec="0" bev="0" fileid="59" />
              </SequencePoints>
              <BranchPoints />
              <MethodPoint vc="1" uspid="0" p8:type="SequencePoint" ordinal="2" offset="2" sc="0" sl="7" ec="1" el="7" bec="0" bev="0" fileid="59" xmlns:p8="xsi" />
            </Method>
            <Method cyclomaticComplexity="1" nPathComplexity="1" sequenceCoverage="100" branchCoverage="100" isConstructor="False" isGetter="True" isSetter="False" isStatic="True">
              <Summary numSequencePoints="1" visitedSequencePoints="1" numBranchPoints="0" visitedBranchPoints="0" sequenceCoverage="100" branchCoverage="100" maxCyclomaticComplexity="1" minCyclomaticComplexity="1" visitedClasses="0" numClasses="0" visitedMethods="1" numMethods="1" />
              <MetadataToken />
              <Name>System.String OficinaMecanica.Api.Application.DTOs.VeiculoResponseDto::get_Marca()</Name>
              <FileRef uid="59" />
              <SequencePoints>
                <SequencePoint vc="63" uspid="8" ordinal="0" sl="8" sc="1" el="8" ec="2" bec="0" bev="0" fileid="59" />
              </SequencePoints>
              <BranchPoints />
              <MethodPoint vc="1" uspid="0" p8:type="SequencePoint" ordinal="3" offset="3" sc="0" sl="8" ec="1" el="8" bec="0" bev="0" fileid="59" xmlns:p8="xsi" />
            </Method>
            <Method cyclomaticComplexity="1" nPathComplexity="1" sequenceCoverage="100" branchCoverage="100" isConstructor="False" isGetter="True" isSetter="False" isStatic="True">
              <Summary numSequencePoints="1" visitedSequencePoints="1" numBranchPoints="0" visitedBranchPoints="0" sequenceCoverage="100" branchCoverage="100" maxCyclomaticComplexity="1" minCyclomaticComplexity="1" visitedClasses="0" numClasses="0" visitedMethods="1" numMethods="1" />
              <MetadataToken />
              <Name>System.String OficinaMecanica.Api.Application.DTOs.VeiculoResponseDto::get_Modelo()</Name>
              <FileRef uid="59" />
              <SequencePoints>
                <SequencePoint vc="63" uspid="9" ordinal="0" sl="9" sc="1" el="9" ec="2" bec="0" bev="0" fileid="59" />
              </SequencePoints>
              <BranchPoints />
              <MethodPoint vc="1" uspid="0" p8:type="SequencePoint" ordinal="4" offset="4" sc="0" sl="9" ec="1" el="9" bec="0" bev="0" fileid="59" xmlns:p8="xsi" />
            </Method>
            <Method cyclomaticComplexity="1" nPathComplexity="1" sequenceCoverage="100" branchCoverage="100" isConstructor="False" isGetter="True" isSetter="False" isStatic="True">
              <Summary numSequencePoints="1" visitedSequencePoints="1" numBranchPoints="0" visitedBranchPoints="0" sequenceCoverage="100" branchCoverage="100" maxCyclomaticComplexity="1" minCyclomaticComplexity="1" visitedClasses="0" numClasses="0" visitedMethods="1" numMethods="1" />
              <MetadataToken />
              <Name>System.Int32 OficinaMecanica.Api.Application.DTOs.VeiculoResponseDto::get_Ano()</Name>
              <FileRef uid="59" />
              <SequencePoints>
                <SequencePoint vc="38" uspid="10" ordinal="0" sl="10" sc="1" el="10" ec="2" bec="0" bev="0" fileid="59" />
              </SequencePoints>
              <BranchPoints />
              <MethodPoint vc="1" uspid="0" p8:type="SequencePoint" ordinal="5" offset="5" sc="0" sl="10" ec="1" el="10" bec="0" bev="0" fileid="59" xmlns:p8="xsi" />
            </Method>
          </Methods>
        </Class>
      </Classes>
    </Module>
  </Modules>
</CoverageSession>